{"meta": {"format": 3, "version": "7.10.6", "timestamp": "2025-09-18T23:54:37.792012", "branch_coverage": true, "show_contexts": true}, "files": {"src/colors.py": {"executed_lines": [2, 106, 107, 108, 109, 110, 113, 167, 168, 169, 170, 171, 172, 173, 174, 175, 176, 177, 180, 181, 182, 183, 184, 185, 186, 187, 188, 190, 191, 193, 195, 196, 201, 202, 204, 206, 207, 211, 212, 214, 216, 217, 220, 221, 222, 224, 225, 226, 228, 230, 232, 234, 242, 257, 261, 263, 264, 265, 266, 268, 270, 271, 272, 276, 277, 278, 281, 283, 297, 300, 303, 304, 305, 308, 310, 311, 312, 314, 316, 317, 318, 321, 322, 323, 325, 327, 341, 344, 347, 348, 350, 351, 354, 355, 357, 359, 360, 375, 376, 377, 379, 383, 384, 385, 388, 389, 390, 393, 395, 396, 398, 400, 401, 402, 405, 406, 407, 409, 411, 412, 429, 432, 436, 441, 444, 447, 448, 449, 452, 454, 455, 456, 458, 460, 461, 462, 464, 466, 467, 484, 487, 490, 494, 499, 502, 504, 506, 507, 509, 512, 513, 515, 517, 518, 519, 520, 522, 539, 540, 542, 545, 546, 548, 549, 550, 554, 556, 557, 560, 567, 569, 571, 572, 573, 575, 577, 579, 581, 583, 584, 585, 586, 587, 589, 590, 591, 592, 596, 598, 600, 601, 602, 604, 605, 607, 608, 610, 611, 613, 615, 616, 617, 618, 620, 623, 624, 627, 628, 629, 630, 633, 634, 636, 637, 643, 645, 646, 647, 649, 650, 652, 653, 655, 658, 660, 661, 662, 665, 666, 667, 668, 669, 671, 672, 675, 677, 678, 683, 685, 686, 688, 689, 690, 694, 696, 713, 714, 717, 721, 724, 725, 728, 729, 731, 733, 734, 736, 737, 739, 751, 752, 753, 754, 756, 758, 759, 760, 761, 763, 764, 765, 767, 781, 804, 821, 822, 824, 825, 828, 829, 830, 831, 834, 835, 838, 839, 840, 843, 846, 847, 849, 851, 870, 873, 877, 878, 879, 880, 883, 884, 887, 888, 891, 894, 896, 900, 903, 904, 905, 908, 911, 914, 917, 918, 920, 922, 949, 966, 969, 970, 973, 977, 978, 979, 980, 983, 984, 993, 996, 997, 998, 999, 1000, 1001, 1003, 1004, 1005, 1009, 1019, 1023, 1026, 1028, 1029, 1031, 1033, 1043, 1046, 1047, 1050, 1051, 1053, 1054, 1056, 1058, 1070, 1073, 1076, 1077, 1079, 1080, 1081, 1083, 1084, 1085, 1086, 1087, 1089, 1091, 1102, 1105, 1106, 1107, 1110, 1111, 1113, 1114, 1116, 1117, 1119, 1123, 1134, 1137, 1141, 1143, 1145, 1148, 1149, 1152, 1154, 1155, 1156, 1162, 1164, 1167, 1168, 1171, 1172, 1173, 1176, 1177, 1178, 1181, 1182, 1183, 1185, 1186, 1187, 1189, 1191, 1193, 1204, 1207, 1211, 1214, 1215, 1217, 1218, 1219, 1223, 1234, 1238, 1239, 1242, 1243, 1245, 1247, 1259, 1262, 1265, 1268, 1269, 1270, 1272, 1273, 1275, 1284, 1298, 1301, 1304, 1308, 1309, 1313, 1314, 1317, 1322, 1325, 1327, 1328, 1330, 1331, 1333, 1334, 1335, 1338, 1348, 1360, 1363, 1366, 1367, 1369, 1371, 1372, 1373, 1375, 1377, 1391, 1394, 1397, 1398, 1400, 1401, 1402, 1403, 1405, 1408, 1410, 1411, 1412, 1413, 1416, 1418, 1419, 1422, 1425, 1426, 1427, 1428, 1430, 1431, 1433, 1436, 1438, 1439, 1440, 1442, 1443, 1444, 1445, 1446, 1447, 1448, 1450, 1451, 1453, 1454, 1455, 1456, 1457, 1459, 1463, 1466, 1468, 1470, 1472, 1473, 1474, 1475, 1477, 1479, 1480, 1481, 1482, 1493, 1580, 1609, 1641, 1670, 1699, 1770, 1780, 1787, 1800, 1816, 1831, 1832, 1833, 1834, 1836, 1838, 1839, 1840, 1843, 1846, 1860, 1861, 1864, 1865, 1867, 1870, 1884, 1887, 1888, 1890, 1893, 1907, 1908, 1910, 1911, 1912, 1914, 1917, 1933, 1934, 1936, 1937, 1940, 1941, 1947, 1950, 1951, 1952, 1955, 1960, 1976, 1979, 1986, 1987, 1988, 1991, 1993, 2004, 2010, 2011, 2012, 2015, 2017, 2021, 2050, 2082, 2094, 2097, 2099, 2101, 2102, 2105, 2106, 2107, 2109, 2113, 2125, 2128, 2131, 2132, 2133, 2136, 2138, 2142, 2164, 2165, 2166, 2167, 2170, 2173, 2176, 2178, 2182, 2211, 2214, 2215, 2216, 2217, 2218, 2219, 2222, 2223, 2224, 2225, 2228, 2229, 2230, 2231, 2235, 2237, 2239, 2241, 2246, 2247, 2248, 2251, 2254, 2256, 2260, 2284, 2285, 2288, 2292, 2295], "summary": {"covered_lines": 643, "num_statements": 888, "percent_covered": 68.43853820598007, "percent_covered_display": "68.44", "missing_lines": 245, "excluded_lines": 0, "num_branches": 316, "num_partial_branches": 53, "covered_branches": 181, "missing_branches": 135}, "missing_lines": [198, 199, 209, 236, 237, 238, 239, 240, 258, 380, 430, 433, 437, 485, 488, 491, 495, 594, 631, 640, 641, 656, 680, 681, 719, 771, 772, 773, 774, 776, 777, 779, 783, 784, 785, 787, 871, 874, 895, 897, 906, 935, 936, 938, 939, 942, 943, 944, 945, 947, 967, 971, 974, 985, 986, 987, 988, 990, 1020, 1044, 1071, 1074, 1103, 1135, 1138, 1146, 1153, 1158, 1159, 1163, 1165, 1205, 1208, 1235, 1260, 1263, 1299, 1302, 1310, 1319, 1339, 1342, 1343, 1344, 1361, 1364, 1392, 1395, 1508, 1511, 1512, 1513, 1514, 1515, 1517, 1518, 1519, 1520, 1521, 1522, 1523, 1524, 1525, 1526, 1528, 1531, 1534, 1536, 1537, 1538, 1540, 1541, 1542, 1543, 1544, 1546, 1547, 1548, 1549, 1550, 1552, 1553, 1554, 1555, 1558, 1559, 1562, 1563, 1566, 1567, 1570, 1571, 1574, 1575, 1577, 1593, 1595, 1596, 1597, 1598, 1600, 1601, 1602, 1603, 1604, 1606, 1622, 1623, 1625, 1627, 1628, 1629, 1630, 1632, 1633, 1634, 1635, 1636, 1638, 1654, 1656, 1657, 1658, 1659, 1661, 1662, 1663, 1664, 1665, 1667, 1683, 1685, 1686, 1687, 1688, 1690, 1691, 1692, 1693, 1694, 1696, 1713, 1714, 1717, 1719, 1720, 1723, 1724, 1726, 1727, 1730, 1731, 1734, 1735, 1736, 1739, 1740, 1741, 1743, 1744, 1747, 1748, 1749, 1750, 1751, 1752, 1755, 1756, 1757, 1759, 1760, 1761, 1763, 1797, 1810, 1811, 1813, 1942, 1943, 1945, 1994, 1996, 1997, 1999, 2001, 2035, 2036, 2040, 2041, 2043, 2044, 2045, 2047, 2061, 2062, 2064, 2066, 2067, 2068, 2071, 2072, 2073, 2075, 2077, 2079], "excluded_lines": [], "contexts": {"2284": [""], "2211": [""], "2164": [""], "2125": [""], "2094": [""], "1976": [""], "1933": [""], "1907": [""], "1884": [""], "1860": [""], "1832": [""], "1831": [""], "1781": [""], "1479": [""], "1472": [""], "1468": [""], "1443": [""], "1438": [""], "1410": [""], "1391": [""], "1360": [""], "1298": [""], "1259": [""], "1234": [""], "1204": [""], "1134": [""], "1102": [""], "1070": [""], "1043": [""], "1019": [""], "966": [""], "870": [""], "821": [""], "758": [""], "751": [""], "733": [""], "713": [""], "685": [""], "645": [""], "600": [""], "571": [""], "539": [""], "517": [""], "512": [""], "484": [""], "454": [""], "429": [""], "395": [""], "375": [""], "341": [""], "310": [""], "297": [""], "263": [""], "257": [""], "232": [""], "221": [""], "220": [""], "214": [""], "204": [""], "193": [""], "180": [""], "167": [""], "2": [""], "106": [""], "107": [""], "108": [""], "109": [""], "110": [""], "113": [""], "114": [""], "115": [""], "116": [""], "117": [""], "118": [""], "119": [""], "120": [""], "121": [""], "122": [""], "123": [""], "124": [""], "125": [""], "126": [""], "127": [""], "128": [""], "129": [""], "130": [""], "131": [""], "132": [""], "133": [""], "134": [""], "135": [""], "136": [""], "137": [""], "138": [""], "139": [""], "140": [""], "141": [""], "142": [""], "143": [""], "144": [""], "145": [""], "146": [""], "147": [""], "148": [""], "149": [""], "150": [""], "151": [""], "152": [""], "153": [""], "154": [""], "155": [""], "156": [""], "157": [""], "158": [""], "159": [""], "160": [""], "162": [""], "163": [""], "168": [""], "169": [""], "170": [""], "171": [""], "172": [""], "173": [""], "174": [""], "175": [""], "176": [""], "177": [""], "181": [""], "182": [""], "183": [""], "184": [""], "185": [""], "186": [""], "187": [""], "188": [""], "190": [""], "191": [""], "195": [""], "196": [""], "201": [""], "202": [""], "206": [""], "207": [""], "211": [""], "212": [""], "216": [""], "217": [""], "230": [""], "224": [""], "222": [""], "225": [""], "226": [""], "228": [""], "234": [""], "242": [""], "283": [""], "261": [""], "270": [""], "264": [""], "265": [""], "266": [""], "268": [""], "271": [""], "272": [""], "276": [""], "277": [""], "278": [""], "281": [""], "327": [""], "300": [""], "303": [""], "304": [""], "305": [""], "308": [""], "316": [""], "311": [""], "312": [""], "314": [""], "317": [""], "318": [""], "321": [""], "322": [""], "323": [""], "325": [""], "359": [""], "344": [""], "347": [""], "348": [""], "350": [""], "357": [""], "351": [""], "354": [""], "355": [""], "360": [""], "411": [""], "376": [""], "377": [""], "379": [""], "383": [""], "384": [""], "385": [""], "388": [""], "389": [""], "390": [""], "393": [""], "400": [""], "396": [""], "398": [""], "401": [""], "402": [""], "405": [""], "406": [""], "407": [""], "409": [""], "412": [""], "466": [""], "432": [""], "436": [""], "441": [""], "444": [""], "447": [""], "448": [""], "449": [""], "452": [""], "460": [""], "455": [""], "456": [""], "458": [""], "461": [""], "462": [""], "464": [""], "467": [""], "487": [""], "490": [""], "494": [""], "499": [""], "502": [""], "504": [""], "506": [""], "507": [""], "509": [""], "513": [""], "1408": [""], "515": [""], "522": [""], "518": [""], "519": [""], "520": [""], "569": [""], "540": [""], "542": [""], "545": [""], "546": [""], "548": [""], "549": [""], "556": [""], "550": [""], "554": [""], "551": [""], "552": [""], "557": [""], "561": [""], "560": [""], "567": [""], "562": [""], "563": [""], "564": [""], "598": [""], "572": [""], "573": [""], "575": [""], "577": [""], "579": [""], "581": [""], "583": [""], "587": [""], "584": [""], "585": [""], "586": [""], "596": [""], "589": [""], "590": [""], "591": [""], "592": [""], "643": [""], "601": [""], "602": [""], "604": [""], "605": [""], "607": [""], "608": [""], "610": [""], "611": [""], "613": [""], "615": [""], "616": [""], "617": [""], "627": [""], "618": [""], "620": [""], "623": [""], "624": [""], "628": [""], "629": [""], "636": [""], "630": [""], "633": [""], "634": [""], "637": [""], "638": [""], "683": [""], "646": [""], "647": [""], "649": [""], "650": [""], "652": [""], "653": [""], "655": [""], "658": [""], "660": [""], "661": [""], "662": [""], "665": [""], "666": [""], "667": [""], "675": [""], "668": [""], "669": [""], "671": [""], "672": [""], "677": [""], "678": [""], "696": [""], "686": [""], "688": [""], "694": [""], "689": [""], "690": [""], "691": [""], "692": [""], "731": [""], "714": [""], "717": [""], "721": [""], "724": [""], "725": [""], "728": [""], "729": [""], "740": [""], "734": [""], "736": [""], "737": [""], "739": [""], "756": [""], "752": [""], "753": [""], "754": [""], "768": [""], "759": [""], "760": [""], "765": [""], "761": [""], "763": [""], "764": [""], "767": [""], "769": [""], "781": [""], "804": [""], "851": [""], "822": [""], "824": [""], "825": [""], "828": [""], "829": [""], "830": [""], "831": [""], "834": [""], "835": [""], "838": [""], "839": [""], "840": [""], "843": [""], "846": [""], "847": [""], "849": [""], "922": [""], "873": [""], "877": [""], "878": [""], "879": [""], "880": [""], "883": [""], "884": [""], "887": [""], "888": [""], "891": [""], "894": [""], "896": [""], "900": [""], "903": [""], "904": [""], "905": [""], "908": [""], "911": [""], "914": [""], "917": [""], "918": [""], "920": [""], "949": [""], "1009": [""], "969": [""], "970": [""], "973": [""], "977": [""], "978": [""], "979": [""], "980": [""], "983": [""], "984": [""], "993": [""], "996": [""], "997": [""], "1003": [""], "998": [""], "999": [""], "1001": [""], "1000": [""], "1004": [""], "1005": [""], "1033": [""], "1023": [""], "1026": [""], "1028": [""], "1029": [""], "1031": [""], "1058": [""], "1046": [""], "1047": [""], "1050": [""], "1051": [""], "1053": [""], "1054": [""], "1056": [""], "1091": [""], "1073": [""], "1076": [""], "1077": [""], "1079": [""], "1080": [""], "1081": [""], "1083": [""], "1084": [""], "1089": [""], "1085": [""], "1086": [""], "1087": [""], "1123": [""], "1105": [""], "1106": [""], "1107": [""], "1110": [""], "1111": [""], "1113": [""], "1114": [""], "1116": [""], "1117": [""], "1119": [""], "1193": [""], "1137": [""], "1141": [""], "1143": [""], "1145": [""], "1171": [""], "1148": [""], "1149": [""], "1152": [""], "1154": [""], "1155": [""], "1156": [""], "1162": [""], "1164": [""], "1167": [""], "1168": [""], "1176": [""], "1172": [""], "1173": [""], "1177": [""], "1178": [""], "1181": [""], "1182": [""], "1183": [""], "1185": [""], "1186": [""], "1187": [""], "1189": [""], "1190": [""], "1191": [""], "1223": [""], "1207": [""], "1211": [""], "1214": [""], "1215": [""], "1217": [""], "1218": [""], "1219": [""], "1247": [""], "1238": [""], "1239": [""], "1242": [""], "1243": [""], "1245": [""], "1285": [""], "1262": [""], "1265": [""], "1268": [""], "1269": [""], "1272": [""], "1270": [""], "1276": [""], "1273": [""], "1275": [""], "1277": [""], "1278": [""], "1279": [""], "1280": [""], "1281": [""], "1284": [""], "1348": [""], "1301": [""], "1304": [""], "1305": [""], "1308": [""], "1309": [""], "1313": [""], "1314": [""], "1317": [""], "1322": [""], "1325": [""], "1327": [""], "1328": [""], "1330": [""], "1331": [""], "1333": [""], "1334": [""], "1338": [""], "1335": [""], "1378": [""], "1363": [""], "1366": [""], "1367": [""], "1369": [""], "1371": [""], "1372": [""], "1375": [""], "1373": [""], "1377": [""], "1394": [""], "1397": [""], "1398": [""], "1400": [""], "1401": [""], "1405": [""], "1402": [""], "1403": [""], "1436": [""], "1411": [""], "1412": [""], "1413": [""], "1416": [""], "1418": [""], "1419": [""], "1422": [""], "1433": [""], "1425": [""], "1426": [""], "1427": [""], "1431": [""], "1428": [""], "1430": [""], "1463": [""], "1439": [""], "1440": [""], "1442": [""], "1450": [""], "1444": [""], "1445": [""], "1446": [""], "1447": [""], "1448": [""], "1451": [""], "1453": [""], "1459": [""], "1454": [""], "1455": [""], "1456": [""], "1457": [""], "1466": [""], "1470": [""], "1477": [""], "1473": [""], "1474": [""], "1475": [""], "1493": [""], "1480": [""], "1481": [""], "1482": [""], "1580": [""], "1609": [""], "1641": [""], "1670": [""], "1699": [""], "1770": [""], "1787": [""], "1780": [""], "1782": [""], "1783": [""], "1800": [""], "1816": [""], "1846": [""], "1838": [""], "1833": [""], "1834": [""], "1836": [""], "1839": [""], "1840": [""], "1843": [""], "1871": [""], "1861": [""], "1864": [""], "1865": [""], "1867": [""], "1870": [""], "1893": [""], "1887": [""], "1888": [""], "1890": [""], "1918": [""], "1908": [""], "1910": [""], "1911": [""], "1912": [""], "1914": [""], "1917": [""], "1960": [""], "1934": [""], "1936": [""], "1937": [""], "1940": [""], "1941": [""], "1947": [""], "1950": [""], "1951": [""], "1952": [""], "1955": [""], "1956": [""], "1957": [""], "2021": [""], "1980": [""], "1979": [""], "1986": [""], "1981": [""], "1982": [""], "1987": [""], "1988": [""], "1991": [""], "1993": [""], "2005": [""], "2004": [""], "2010": [""], "2006": [""], "2007": [""], "2011": [""], "2012": [""], "2015": [""], "2017": [""], "2018": [""], "2050": [""], "2082": [""], "2113": [""], "2097": [""], "2099": [""], "2101": [""], "2105": [""], "2102": [""], "2109": [""], "2106": [""], "2107": [""], "2110": [""], "2142": [""], "2128": [""], "2131": [""], "2132": [""], "2133": [""], "2136": [""], "2138": [""], "2139": [""], "2182": [""], "2165": [""], "2166": [""], "2167": [""], "2170": [""], "2173": [""], "2176": [""], "2178": [""], "2179": [""], "2260": [""], "2214": [""], "2215": [""], "2216": [""], "2217": [""], "2218": [""], "2219": [""], "2222": [""], "2223": [""], "2224": [""], "2228": [""], "2225": [""], "2229": [""], "2230": [""], "2231": [""], "2235": [""], "2236": [""], "2237": [""], "2238": [""], "2239": [""], "2240": [""], "2241": [""], "2242": [""], "2246": [""], "2247": [""], "2248": [""], "2251": [""], "2254": [""], "2256": [""], "2257": [""], "2285": [""], "2288": [""], "2292": [""], "2295": [""], "2296": [""]}, "executed_branches": [[257, 261], [265, 266], [265, 268], [311, 312], [311, 314], [347, 348], [347, 350], [354, 355], [354, 357], [379, 383], [395, 396], [395, 398], [429, 432], [432, 436], [436, 441], [455, 456], [455, 458], [484, 487], [487, 490], [490, 494], [494, 499], [539, 540], [539, 542], [545, 546], [545, 548], [548, 549], [548, 556], [549, 550], [549, 554], [556, 557], [556, 560], [572, 573], [572, 575], [577, 579], [577, 581], [581, 583], [581, 587], [587, 589], [601, 602], [601, 604], [610, 611], [610, 613], [616, 617], [616, 627], [618, 620], [618, 623], [628, 629], [628, 636], [630, 633], [646, 647], [646, 649], [655, 658], [666, 667], [666, 675], [668, 669], [668, 671], [686, 688], [686, 694], [689, 690], [713, 714], [713, 717], [717, 721], [724, 725], [724, 728], [733, 734], [733, 736], [752, 753], [752, 754], [759, 760], [759, 765], [761, 763], [821, 822], [821, 824], [824, 825], [824, 828], [828, 829], [828, 830], [830, 831], [830, 834], [870, 873], [873, 877], [877, 878], [877, 879], [879, 880], [879, 883], [894, 896], [896, 900], [903, 904], [903, 905], [905, 908], [966, 969], [969, 970], [969, 973], [970, 969], [973, 977], [977, 978], [977, 979], [979, 980], [979, 983], [983, 984], [996, 997], [996, 1003], [998, 999], [998, 1001], [1019, 1023], [1043, 1046], [1070, 1073], [1073, 1076], [1083, 1084], [1083, 1089], [1102, 1105], [1134, 1137], [1137, 1141], [1143, 1145], [1143, 1171], [1145, 1148], [1152, 1154], [1154, 1155], [1162, 1164], [1164, 1167], [1204, 1207], [1207, 1211], [1234, 1238], [1259, 1262], [1262, 1265], [1268, 1269], [1268, 1272], [1298, 1301], [1301, 1304], [1309, 1313], [1317, 1322], [1325, 1327], [1333, 1334], [1333, 1338], [1338, 1325], [1360, 1363], [1363, 1366], [1371, 1372], [1371, 1375], [1391, 1394], [1394, 1397], [1400, 1401], [1400, 1405], [1418, 1419], [1418, 1422], [1425, 1426], [1425, 1427], [1427, 1428], [1427, 1430], [1445, -1442], [1445, 1446], [1446, -1442], [1446, 1447], [1447, -1442], [1447, 1448], [1450, 1451], [1450, 1453], [1473, 1474], [1473, 1475], [1480, 1481], [1480, 1482], [1833, 1834], [1833, 1836], [1887, 1888], [1887, 1890], [1941, 1947], [1991, 1993], [2099, 2101], [2099, 2105], [2164, 2165], [2164, 2166], [2166, 2167], [2166, 2170], [2214, 2215], [2214, 2216], [2216, 2217], [2216, 2218], [2218, 2219], [2218, 2222], [2284, 2285], [2284, 2288]], "missing_branches": [[257, 258], [379, 380], [429, 430], [432, 433], [436, 437], [484, 485], [487, 488], [490, 491], [494, 495], [587, 594], [630, 631], [655, 656], [689, 694], [717, 719], [761, 759], [771, 772], [771, 773], [773, 774], [773, 776], [784, 785], [784, 787], [870, 871], [873, 874], [894, 895], [896, 897], [905, 906], [935, 936], [935, 938], [938, 939], [938, 942], [966, 967], [970, 971], [973, 974], [983, 985], [985, 986], [985, 987], [987, 988], [987, 990], [1019, 1020], [1043, 1044], [1070, 1071], [1073, 1074], [1102, 1103], [1134, 1135], [1137, 1138], [1145, 1146], [1152, 1153], [1154, 1158], [1162, 1163], [1164, 1165], [1204, 1205], [1207, 1208], [1234, 1235], [1259, 1260], [1262, 1263], [1298, 1299], [1301, 1302], [1309, 1310], [1317, 1319], [1325, 1342], [1338, 1339], [1360, 1361], [1363, 1364], [1391, 1392], [1394, 1395], [1517, 1518], [1517, 1531], [1519, 1520], [1519, 1521], [1521, 1522], [1521, 1523], [1523, 1524], [1523, 1525], [1525, 1526], [1525, 1528], [1558, 1559], [1558, 1562], [1562, 1563], [1562, 1566], [1566, 1567], [1566, 1570], [1570, 1571], [1570, 1574], [1574, 1575], [1574, 1577], [1595, 1596], [1595, 1606], [1596, 1597], [1596, 1600], [1622, 1623], [1622, 1625], [1627, 1628], [1627, 1638], [1628, 1629], [1628, 1632], [1656, 1657], [1656, 1667], [1657, 1658], [1657, 1661], [1685, 1686], [1685, 1696], [1686, 1687], [1686, 1690], [1713, 1714], [1713, 1717], [1719, 1720], [1719, 1723], [1726, 1727], [1726, 1730], [1734, 1735], [1734, 1739], [1739, 1740], [1739, 1763], [1743, 1744], [1743, 1759], [1747, 1748], [1747, 1755], [1755, 1743], [1755, 1756], [1759, 1739], [1759, 1760], [1941, 1942], [1942, 1943], [1942, 1945], [1991, 1994], [1994, 1996], [1994, 1997], [1997, 1999], [1997, 2001], [2035, 2036], [2035, 2040], [2043, 2044], [2043, 2047], [2064, 2066], [2064, 2079]], "functions": {"ColorInfo.hex": {"executed_lines": [193], "summary": {"covered_lines": 1, "num_statements": 1, "percent_covered": 100.0, "percent_covered_display": "100.00", "missing_lines": 0, "excluded_lines": 0, "num_branches": 0, "num_partial_branches": 0, "covered_branches": 0, "missing_branches": 0}, "missing_lines": [], "excluded_lines": [], "contexts": {"2284": [""], "2211": [""], "2164": [""], "2125": [""], "2094": [""], "1976": [""], "1933": [""], "1907": [""], "1884": [""], "1860": [""], "1832": [""], "1831": [""], "1781": [""], "1479": [""], "1472": [""], "1468": [""], "1443": [""], "1438": [""], "1410": [""], "1391": [""], "1360": [""], "1298": [""], "1259": [""], "1234": [""], "1204": [""], "1134": [""], "1102": [""], "1070": [""], "1043": [""], "1019": [""], "966": [""], "870": [""], "821": [""], "758": [""], "751": [""], "733": [""], "713": [""], "685": [""], "645": [""], "600": [""], "571": [""], "539": [""], "517": [""], "512": [""], "484": [""], "454": [""], "429": [""], "395": [""], "375": [""], "341": [""], "310": [""], "297": [""], "263": [""], "257": [""], "232": [""], "221": [""], "220": [""], "214": [""], "204": [""], "193": [""], "180": [""], "167": [""], "2": [""], "106": [""], "107": [""], "108": [""], "109": [""], "110": [""], "113": [""], "114": [""], "115": [""], "116": [""], "117": [""], "118": [""], "119": [""], "120": [""], "121": [""], "122": [""], "123": [""], "124": [""], "125": [""], "126": [""], "127": [""], "128": [""], "129": [""], "130": [""], "131": [""], "132": [""], "133": [""], "134": [""], "135": [""], "136": [""], "137": [""], "138": [""], "139": [""], "140": [""], "141": [""], "142": [""], "143": [""], "144": [""], "145": [""], "146": [""], "147": [""], "148": [""], "149": [""], "150": [""], "151": [""], "152": [""], "153": [""], "154": [""], "155": [""], "156": [""], "157": [""], "158": [""], "159": [""], "160": [""], "162": [""], "163": [""], "168": [""], "169": [""], "170": [""], "171": [""], "172": [""], "173": [""], "174": [""], "175": [""], "176": [""], "177": [""], "181": [""], "182": [""], "183": [""], "184": [""], "185": [""], "186": [""], "187": [""], "188": [""], "190": [""], "191": [""], "195": [""], "196": [""], "201": [""], "202": [""], "206": [""], "207": [""], "211": [""], "212": [""], "216": [""], "217": [""], "230": [""], "224": [""], "222": [""], "225": [""], "226": [""], "228": [""], "234": [""], "242": [""], "283": [""], "261": [""], "270": [""], "264": [""], "265": [""], "266": [""], "268": [""], "271": [""], "272": [""], "276": [""], "277": [""], "278": [""], "281": [""], "327": [""], "300": [""], "303": [""], "304": [""], "305": [""], "308": [""], "316": [""], "311": [""], "312": [""], "314": [""], "317": [""], "318": [""], "321": [""], "322": [""], "323": [""], "325": [""], "359": [""], "344": [""], "347": [""], "348": [""], "350": [""], "357": [""], "351": [""], "354": [""], "355": [""], "360": [""], "411": [""], "376": [""], "377": [""], "379": [""], "383": [""], "384": [""], "385": [""], "388": [""], "389": [""], "390": [""], "393": [""], "400": [""], "396": [""], "398": [""], "401": [""], "402": [""], "405": [""], "406": [""], "407": [""], "409": [""], "412": [""], "466": [""], "432": [""], "436": [""], "441": [""], "444": [""], "447": [""], "448": [""], "449": [""], "452": [""], "460": [""], "455": [""], "456": [""], "458": [""], "461": [""], "462": [""], "464": [""], "467": [""], "487": [""], "490": [""], "494": [""], "499": [""], "502": [""], "504": [""], "506": [""], "507": [""], "509": [""], "513": [""], "1408": [""], "515": [""], "522": [""], "518": [""], "519": [""], "520": [""], "569": [""], "540": [""], "542": [""], "545": [""], "546": [""], "548": [""], "549": [""], "556": [""], "550": [""], "554": [""], "551": [""], "552": [""], "557": [""], "561": [""], "560": [""], "567": [""], "562": [""], "563": [""], "564": [""], "598": [""], "572": [""], "573": [""], "575": [""], "577": [""], "579": [""], "581": [""], "583": [""], "587": [""], "584": [""], "585": [""], "586": [""], "596": [""], "589": [""], "590": [""], "591": [""], "592": [""], "643": [""], "601": [""], "602": [""], "604": [""], "605": [""], "607": [""], "608": [""], "610": [""], "611": [""], "613": [""], "615": [""], "616": [""], "617": [""], "627": [""], "618": [""], "620": [""], "623": [""], "624": [""], "628": [""], "629": [""], "636": [""], "630": [""], "633": [""], "634": [""], "637": [""], "638": [""], "683": [""], "646": [""], "647": [""], "649": [""], "650": [""], "652": [""], "653": [""], "655": [""], "658": [""], "660": [""], "661": [""], "662": [""], "665": [""], "666": [""], "667": [""], "675": [""], "668": [""], "669": [""], "671": [""], "672": [""], "677": [""], "678": [""], "696": [""], "686": [""], "688": [""], "694": [""], "689": [""], "690": [""], "691": [""], "692": [""], "731": [""], "714": [""], "717": [""], "721": [""], "724": [""], "725": [""], "728": [""], "729": [""], "740": [""], "734": [""], "736": [""], "737": [""], "739": [""], "756": [""], "752": [""], "753": [""], "754": [""], "768": [""], "759": [""], "760": [""], "765": [""], "761": [""], "763": [""], "764": [""], "767": [""], "769": [""], "781": [""], "804": [""], "851": [""], "822": [""], "824": [""], "825": [""], "828": [""], "829": [""], "830": [""], "831": [""], "834": [""], "835": [""], "838": [""], "839": [""], "840": [""], "843": [""], "846": [""], "847": [""], "849": [""], "922": [""], "873": [""], "877": [""], "878": [""], "879": [""], "880": [""], "883": [""], "884": [""], "887": [""], "888": [""], "891": [""], "894": [""], "896": [""], "900": [""], "903": [""], "904": [""], "905": [""], "908": [""], "911": [""], "914": [""], "917": [""], "918": [""], "920": [""], "949": [""], "1009": [""], "969": [""], "970": [""], "973": [""], "977": [""], "978": [""], "979": [""], "980": [""], "983": [""], "984": [""], "993": [""], "996": [""], "997": [""], "1003": [""], "998": [""], "999": [""], "1001": [""], "1000": [""], "1004": [""], "1005": [""], "1033": [""], "1023": [""], "1026": [""], "1028": [""], "1029": [""], "1031": [""], "1058": [""], "1046": [""], "1047": [""], "1050": [""], "1051": [""], "1053": [""], "1054": [""], "1056": [""], "1091": [""], "1073": [""], "1076": [""], "1077": [""], "1079": [""], "1080": [""], "1081": [""], "1083": [""], "1084": [""], "1089": [""], "1085": [""], "1086": [""], "1087": [""], "1123": [""], "1105": [""], "1106": [""], "1107": [""], "1110": [""], "1111": [""], "1113": [""], "1114": [""], "1116": [""], "1117": [""], "1119": [""], "1193": [""], "1137": [""], "1141": [""], "1143": [""], "1145": [""], "1171": [""], "1148": [""], "1149": [""], "1152": [""], "1154": [""], "1155": [""], "1156": [""], "1162": [""], "1164": [""], "1167": [""], "1168": [""], "1176": [""], "1172": [""], "1173": [""], "1177": [""], "1178": [""], "1181": [""], "1182": [""], "1183": [""], "1185": [""], "1186": [""], "1187": [""], "1189": [""], "1190": [""], "1191": [""], "1223": [""], "1207": [""], "1211": [""], "1214": [""], "1215": [""], "1217": [""], "1218": [""], "1219": [""], "1247": [""], "1238": [""], "1239": [""], "1242": [""], "1243": [""], "1245": [""], "1285": [""], "1262": [""], "1265": [""], "1268": [""], "1269": [""], "1272": [""], "1270": [""], "1276": [""], "1273": [""], "1275": [""], "1277": [""], "1278": [""], "1279": [""], "1280": [""], "1281": [""], "1284": [""], "1348": [""], "1301": [""], "1304": [""], "1305": [""], "1308": [""], "1309": [""], "1313": [""], "1314": [""], "1317": [""], "1322": [""], "1325": [""], "1327": [""], "1328": [""], "1330": [""], "1331": [""], "1333": [""], "1334": [""], "1338": [""], "1335": [""], "1378": [""], "1363": [""], "1366": [""], "1367": [""], "1369": [""], "1371": [""], "1372": [""], "1375": [""], "1373": [""], "1377": [""], "1394": [""], "1397": [""], "1398": [""], "1400": [""], "1401": [""], "1405": [""], "1402": [""], "1403": [""], "1436": [""], "1411": [""], "1412": [""], "1413": [""], "1416": [""], "1418": [""], "1419": [""], "1422": [""], "1433": [""], "1425": [""], "1426": [""], "1427": [""], "1431": [""], "1428": [""], "1430": [""], "1463": [""], "1439": [""], "1440": [""], "1442": [""], "1450": [""], "1444": [""], "1445": [""], "1446": [""], "1447": [""], "1448": [""], "1451": [""], "1453": [""], "1459": [""], "1454": [""], "1455": [""], "1456": [""], "1457": [""], "1466": [""], "1470": [""], "1477": [""], "1473": [""], "1474": [""], "1475": [""], "1493": [""], "1480": [""], "1481": [""], "1482": [""], "1580": [""], "1609": [""], "1641": [""], "1670": [""], "1699": [""], "1770": [""], "1787": [""], "1780": [""], "1782": [""], "1783": [""], "1800": [""], "1816": [""], "1846": [""], "1838": [""], "1833": [""], "1834": [""], "1836": [""], "1839": [""], "1840": [""], "1843": [""], "1871": [""], "1861": [""], "1864": [""], "1865": [""], "1867": [""], "1870": [""], "1893": [""], "1887": [""], "1888": [""], "1890": [""], "1918": [""], "1908": [""], "1910": [""], "1911": [""], "1912": [""], "1914": [""], "1917": [""], "1960": [""], "1934": [""], "1936": [""], "1937": [""], "1940": [""], "1941": [""], "1947": [""], "1950": [""], "1951": [""], "1952": [""], "1955": [""], "1956": [""], "1957": [""], "2021": [""], "1980": [""], "1979": [""], "1986": [""], "1981": [""], "1982": [""], "1987": [""], "1988": [""], "1991": [""], "1993": [""], "2005": [""], "2004": [""], "2010": [""], "2006": [""], "2007": [""], "2011": [""], "2012": [""], "2015": [""], "2017": [""], "2018": [""], "2050": [""], "2082": [""], "2113": [""], "2097": [""], "2099": [""], "2101": [""], "2105": [""], "2102": [""], "2109": [""], "2106": [""], "2107": [""], "2110": [""], "2142": [""], "2128": [""], "2131": [""], "2132": [""], "2133": [""], "2136": [""], "2138": [""], "2139": [""], "2182": [""], "2165": [""], "2166": [""], "2167": [""], "2170": [""], "2173": [""], "2176": [""], "2178": [""], "2179": [""], "2260": [""], "2214": [""], "2215": [""], "2216": [""], "2217": [""], "2218": [""], "2219": [""], "2222": [""], "2223": [""], "2224": [""], "2228": [""], "2225": [""], "2229": [""], "2230": [""], "2231": [""], "2235": [""], "2236": [""], "2237": [""], "2238": [""], "2239": [""], "2240": [""], "2241": [""], "2242": [""], "2246": [""], "2247": [""], "2248": [""], "2251": [""], "2254": [""], "2256": [""], "2257": [""], "2285": [""], "2288": [""], "2292": [""], "2295": [""], "2296": [""]}, "executed_branches": [], "missing_branches": []}, "ColorInfo.hex_alpha": {"executed_lines": [], "summary": {"covered_lines": 0, "num_statements": 2, "percent_covered": 0.0, "percent_covered_display": "0.00", "missing_lines": 2, "excluded_lines": 0, "num_branches": 0, "num_partial_branches": 0, "covered_branches": 0, "missing_branches": 0}, "missing_lines": [198, 199], "excluded_lines": [], "contexts": {"2284": [""], "2211": [""], "2164": [""], "2125": [""], "2094": [""], "1976": [""], "1933": [""], "1907": [""], "1884": [""], "1860": [""], "1832": [""], "1831": [""], "1781": [""], "1479": [""], "1472": [""], "1468": [""], "1443": [""], "1438": [""], "1410": [""], "1391": [""], "1360": [""], "1298": [""], "1259": [""], "1234": [""], "1204": [""], "1134": [""], "1102": [""], "1070": [""], "1043": [""], "1019": [""], "966": [""], "870": [""], "821": [""], "758": [""], "751": [""], "733": [""], "713": [""], "685": [""], "645": [""], "600": [""], "571": [""], "539": [""], "517": [""], "512": [""], "484": [""], "454": [""], "429": [""], "395": [""], "375": [""], "341": [""], "310": [""], "297": [""], "263": [""], "257": [""], "232": [""], "221": [""], "220": [""], "214": [""], "204": [""], "193": [""], "180": [""], "167": [""], "2": [""], "106": [""], "107": [""], "108": [""], "109": [""], "110": [""], "113": [""], "114": [""], "115": [""], "116": [""], "117": [""], "118": [""], "119": [""], "120": [""], "121": [""], "122": [""], "123": [""], "124": [""], "125": [""], "126": [""], "127": [""], "128": [""], "129": [""], "130": [""], "131": [""], "132": [""], "133": [""], "134": [""], "135": [""], "136": [""], "137": [""], "138": [""], "139": [""], "140": [""], "141": [""], "142": [""], "143": [""], "144": [""], "145": [""], "146": [""], "147": [""], "148": [""], "149": [""], "150": [""], "151": [""], "152": [""], "153": [""], "154": [""], "155": [""], "156": [""], "157": [""], "158": [""], "159": [""], "160": [""], "162": [""], "163": [""], "168": [""], "169": [""], "170": [""], "171": [""], "172": [""], "173": [""], "174": [""], "175": [""], "176": [""], "177": [""], "181": [""], "182": [""], "183": [""], "184": [""], "185": [""], "186": [""], "187": [""], "188": [""], "190": [""], "191": [""], "195": [""], "196": [""], "201": [""], "202": [""], "206": [""], "207": [""], "211": [""], "212": [""], "216": [""], "217": [""], "230": [""], "224": [""], "222": [""], "225": [""], "226": [""], "228": [""], "234": [""], "242": [""], "283": [""], "261": [""], "270": [""], "264": [""], "265": [""], "266": [""], "268": [""], "271": [""], "272": [""], "276": [""], "277": [""], "278": [""], "281": [""], "327": [""], "300": [""], "303": [""], "304": [""], "305": [""], "308": [""], "316": [""], "311": [""], "312": [""], "314": [""], "317": [""], "318": [""], "321": [""], "322": [""], "323": [""], "325": [""], "359": [""], "344": [""], "347": [""], "348": [""], "350": [""], "357": [""], "351": [""], "354": [""], "355": [""], "360": [""], "411": [""], "376": [""], "377": [""], "379": [""], "383": [""], "384": [""], "385": [""], "388": [""], "389": [""], "390": [""], "393": [""], "400": [""], "396": [""], "398": [""], "401": [""], "402": [""], "405": [""], "406": [""], "407": [""], "409": [""], "412": [""], "466": [""], "432": [""], "436": [""], "441": [""], "444": [""], "447": [""], "448": [""], "449": [""], "452": [""], "460": [""], "455": [""], "456": [""], "458": [""], "461": [""], "462": [""], "464": [""], "467": [""], "487": [""], "490": [""], "494": [""], "499": [""], "502": [""], "504": [""], "506": [""], "507": [""], "509": [""], "513": [""], "1408": [""], "515": [""], "522": [""], "518": [""], "519": [""], "520": [""], "569": [""], "540": [""], "542": [""], "545": [""], "546": [""], "548": [""], "549": [""], "556": [""], "550": [""], "554": [""], "551": [""], "552": [""], "557": [""], "561": [""], "560": [""], "567": [""], "562": [""], "563": [""], "564": [""], "598": [""], "572": [""], "573": [""], "575": [""], "577": [""], "579": [""], "581": [""], "583": [""], "587": [""], "584": [""], "585": [""], "586": [""], "596": [""], "589": [""], "590": [""], "591": [""], "592": [""], "643": [""], "601": [""], "602": [""], "604": [""], "605": [""], "607": [""], "608": [""], "610": [""], "611": [""], "613": [""], "615": [""], "616": [""], "617": [""], "627": [""], "618": [""], "620": [""], "623": [""], "624": [""], "628": [""], "629": [""], "636": [""], "630": [""], "633": [""], "634": [""], "637": [""], "638": [""], "683": [""], "646": [""], "647": [""], "649": [""], "650": [""], "652": [""], "653": [""], "655": [""], "658": [""], "660": [""], "661": [""], "662": [""], "665": [""], "666": [""], "667": [""], "675": [""], "668": [""], "669": [""], "671": [""], "672": [""], "677": [""], "678": [""], "696": [""], "686": [""], "688": [""], "694": [""], "689": [""], "690": [""], "691": [""], "692": [""], "731": [""], "714": [""], "717": [""], "721": [""], "724": [""], "725": [""], "728": [""], "729": [""], "740": [""], "734": [""], "736": [""], "737": [""], "739": [""], "756": [""], "752": [""], "753": [""], "754": [""], "768": [""], "759": [""], "760": [""], "765": [""], "761": [""], "763": [""], "764": [""], "767": [""], "769": [""], "781": [""], "804": [""], "851": [""], "822": [""], "824": [""], "825": [""], "828": [""], "829": [""], "830": [""], "831": [""], "834": [""], "835": [""], "838": [""], "839": [""], "840": [""], "843": [""], "846": [""], "847": [""], "849": [""], "922": [""], "873": [""], "877": [""], "878": [""], "879": [""], "880": [""], "883": [""], "884": [""], "887": [""], "888": [""], "891": [""], "894": [""], "896": [""], "900": [""], "903": [""], "904": [""], "905": [""], "908": [""], "911": [""], "914": [""], "917": [""], "918": [""], "920": [""], "949": [""], "1009": [""], "969": [""], "970": [""], "973": [""], "977": [""], "978": [""], "979": [""], "980": [""], "983": [""], "984": [""], "993": [""], "996": [""], "997": [""], "1003": [""], "998": [""], "999": [""], "1001": [""], "1000": [""], "1004": [""], "1005": [""], "1033": [""], "1023": [""], "1026": [""], "1028": [""], "1029": [""], "1031": [""], "1058": [""], "1046": [""], "1047": [""], "1050": [""], "1051": [""], "1053": [""], "1054": [""], "1056": [""], "1091": [""], "1073": [""], "1076": [""], "1077": [""], "1079": [""], "1080": [""], "1081": [""], "1083": [""], "1084": [""], "1089": [""], "1085": [""], "1086": [""], "1087": [""], "1123": [""], "1105": [""], "1106": [""], "1107": [""], "1110": [""], "1111": [""], "1113": [""], "1114": [""], "1116": [""], "1117": [""], "1119": [""], "1193": [""], "1137": [""], "1141": [""], "1143": [""], "1145": [""], "1171": [""], "1148": [""], "1149": [""], "1152": [""], "1154": [""], "1155": [""], "1156": [""], "1162": [""], "1164": [""], "1167": [""], "1168": [""], "1176": [""], "1172": [""], "1173": [""], "1177": [""], "1178": [""], "1181": [""], "1182": [""], "1183": [""], "1185": [""], "1186": [""], "1187": [""], "1189": [""], "1190": [""], "1191": [""], "1223": [""], "1207": [""], "1211": [""], "1214": [""], "1215": [""], "1217": [""], "1218": [""], "1219": [""], "1247": [""], "1238": [""], "1239": [""], "1242": [""], "1243": [""], "1245": [""], "1285": [""], "1262": [""], "1265": [""], "1268": [""], "1269": [""], "1272": [""], "1270": [""], "1276": [""], "1273": [""], "1275": [""], "1277": [""], "1278": [""], "1279": [""], "1280": [""], "1281": [""], "1284": [""], "1348": [""], "1301": [""], "1304": [""], "1305": [""], "1308": [""], "1309": [""], "1313": [""], "1314": [""], "1317": [""], "1322": [""], "1325": [""], "1327": [""], "1328": [""], "1330": [""], "1331": [""], "1333": [""], "1334": [""], "1338": [""], "1335": [""], "1378": [""], "1363": [""], "1366": [""], "1367": [""], "1369": [""], "1371": [""], "1372": [""], "1375": [""], "1373": [""], "1377": [""], "1394": [""], "1397": [""], "1398": [""], "1400": [""], "1401": [""], "1405": [""], "1402": [""], "1403": [""], "1436": [""], "1411": [""], "1412": [""], "1413": [""], "1416": [""], "1418": [""], "1419": [""], "1422": [""], "1433": [""], "1425": [""], "1426": [""], "1427": [""], "1431": [""], "1428": [""], "1430": [""], "1463": [""], "1439": [""], "1440": [""], "1442": [""], "1450": [""], "1444": [""], "1445": [""], "1446": [""], "1447": [""], "1448": [""], "1451": [""], "1453": [""], "1459": [""], "1454": [""], "1455": [""], "1456": [""], "1457": [""], "1466": [""], "1470": [""], "1477": [""], "1473": [""], "1474": [""], "1475": [""], "1493": [""], "1480": [""], "1481": [""], "1482": [""], "1580": [""], "1609": [""], "1641": [""], "1670": [""], "1699": [""], "1770": [""], "1787": [""], "1780": [""], "1782": [""], "1783": [""], "1800": [""], "1816": [""], "1846": [""], "1838": [""], "1833": [""], "1834": [""], "1836": [""], "1839": [""], "1840": [""], "1843": [""], "1871": [""], "1861": [""], "1864": [""], "1865": [""], "1867": [""], "1870": [""], "1893": [""], "1887": [""], "1888": [""], "1890": [""], "1918": [""], "1908": [""], "1910": [""], "1911": [""], "1912": [""], "1914": [""], "1917": [""], "1960": [""], "1934": [""], "1936": [""], "1937": [""], "1940": [""], "1941": [""], "1947": [""], "1950": [""], "1951": [""], "1952": [""], "1955": [""], "1956": [""], "1957": [""], "2021": [""], "1980": [""], "1979": [""], "1986": [""], "1981": [""], "1982": [""], "1987": [""], "1988": [""], "1991": [""], "1993": [""], "2005": [""], "2004": [""], "2010": [""], "2006": [""], "2007": [""], "2011": [""], "2012": [""], "2015": [""], "2017": [""], "2018": [""], "2050": [""], "2082": [""], "2113": [""], "2097": [""], "2099": [""], "2101": [""], "2105": [""], "2102": [""], "2109": [""], "2106": [""], "2107": [""], "2110": [""], "2142": [""], "2128": [""], "2131": [""], "2132": [""], "2133": [""], "2136": [""], "2138": [""], "2139": [""], "2182": [""], "2165": [""], "2166": [""], "2167": [""], "2170": [""], "2173": [""], "2176": [""], "2178": [""], "2179": [""], "2260": [""], "2214": [""], "2215": [""], "2216": [""], "2217": [""], "2218": [""], "2219": [""], "2222": [""], "2223": [""], "2224": [""], "2228": [""], "2225": [""], "2229": [""], "2230": [""], "2231": [""], "2235": [""], "2236": [""], "2237": [""], "2238": [""], "2239": [""], "2240": [""], "2241": [""], "2242": [""], "2246": [""], "2247": [""], "2248": [""], "2251": [""], "2254": [""], "2256": [""], "2257": [""], "2285": [""], "2288": [""], "2292": [""], "2295": [""], "2296": [""]}, "executed_branches": [], "missing_branches": []}, "ColorInfo.rgb_tuple": {"executed_lines": [204], "summary": {"covered_lines": 1, "num_statements": 1, "percent_covered": 100.0, "percent_covered_display": "100.00", "missing_lines": 0, "excluded_lines": 0, "num_branches": 0, "num_partial_branches": 0, "covered_branches": 0, "missing_branches": 0}, "missing_lines": [], "excluded_lines": [], "contexts": {"2284": [""], "2211": [""], "2164": [""], "2125": [""], "2094": [""], "1976": [""], "1933": [""], "1907": [""], "1884": [""], "1860": [""], "1832": [""], "1831": [""], "1781": [""], "1479": [""], "1472": [""], "1468": [""], "1443": [""], "1438": [""], "1410": [""], "1391": [""], "1360": [""], "1298": [""], "1259": [""], "1234": [""], "1204": [""], "1134": [""], "1102": [""], "1070": [""], "1043": [""], "1019": [""], "966": [""], "870": [""], "821": [""], "758": [""], "751": [""], "733": [""], "713": [""], "685": [""], "645": [""], "600": [""], "571": [""], "539": [""], "517": [""], "512": [""], "484": [""], "454": [""], "429": [""], "395": [""], "375": [""], "341": [""], "310": [""], "297": [""], "263": [""], "257": [""], "232": [""], "221": [""], "220": [""], "214": [""], "204": [""], "193": [""], "180": [""], "167": [""], "2": [""], "106": [""], "107": [""], "108": [""], "109": [""], "110": [""], "113": [""], "114": [""], "115": [""], "116": [""], "117": [""], "118": [""], "119": [""], "120": [""], "121": [""], "122": [""], "123": [""], "124": [""], "125": [""], "126": [""], "127": [""], "128": [""], "129": [""], "130": [""], "131": [""], "132": [""], "133": [""], "134": [""], "135": [""], "136": [""], "137": [""], "138": [""], "139": [""], "140": [""], "141": [""], "142": [""], "143": [""], "144": [""], "145": [""], "146": [""], "147": [""], "148": [""], "149": [""], "150": [""], "151": [""], "152": [""], "153": [""], "154": [""], "155": [""], "156": [""], "157": [""], "158": [""], "159": [""], "160": [""], "162": [""], "163": [""], "168": [""], "169": [""], "170": [""], "171": [""], "172": [""], "173": [""], "174": [""], "175": [""], "176": [""], "177": [""], "181": [""], "182": [""], "183": [""], "184": [""], "185": [""], "186": [""], "187": [""], "188": [""], "190": [""], "191": [""], "195": [""], "196": [""], "201": [""], "202": [""], "206": [""], "207": [""], "211": [""], "212": [""], "216": [""], "217": [""], "230": [""], "224": [""], "222": [""], "225": [""], "226": [""], "228": [""], "234": [""], "242": [""], "283": [""], "261": [""], "270": [""], "264": [""], "265": [""], "266": [""], "268": [""], "271": [""], "272": [""], "276": [""], "277": [""], "278": [""], "281": [""], "327": [""], "300": [""], "303": [""], "304": [""], "305": [""], "308": [""], "316": [""], "311": [""], "312": [""], "314": [""], "317": [""], "318": [""], "321": [""], "322": [""], "323": [""], "325": [""], "359": [""], "344": [""], "347": [""], "348": [""], "350": [""], "357": [""], "351": [""], "354": [""], "355": [""], "360": [""], "411": [""], "376": [""], "377": [""], "379": [""], "383": [""], "384": [""], "385": [""], "388": [""], "389": [""], "390": [""], "393": [""], "400": [""], "396": [""], "398": [""], "401": [""], "402": [""], "405": [""], "406": [""], "407": [""], "409": [""], "412": [""], "466": [""], "432": [""], "436": [""], "441": [""], "444": [""], "447": [""], "448": [""], "449": [""], "452": [""], "460": [""], "455": [""], "456": [""], "458": [""], "461": [""], "462": [""], "464": [""], "467": [""], "487": [""], "490": [""], "494": [""], "499": [""], "502": [""], "504": [""], "506": [""], "507": [""], "509": [""], "513": [""], "1408": [""], "515": [""], "522": [""], "518": [""], "519": [""], "520": [""], "569": [""], "540": [""], "542": [""], "545": [""], "546": [""], "548": [""], "549": [""], "556": [""], "550": [""], "554": [""], "551": [""], "552": [""], "557": [""], "561": [""], "560": [""], "567": [""], "562": [""], "563": [""], "564": [""], "598": [""], "572": [""], "573": [""], "575": [""], "577": [""], "579": [""], "581": [""], "583": [""], "587": [""], "584": [""], "585": [""], "586": [""], "596": [""], "589": [""], "590": [""], "591": [""], "592": [""], "643": [""], "601": [""], "602": [""], "604": [""], "605": [""], "607": [""], "608": [""], "610": [""], "611": [""], "613": [""], "615": [""], "616": [""], "617": [""], "627": [""], "618": [""], "620": [""], "623": [""], "624": [""], "628": [""], "629": [""], "636": [""], "630": [""], "633": [""], "634": [""], "637": [""], "638": [""], "683": [""], "646": [""], "647": [""], "649": [""], "650": [""], "652": [""], "653": [""], "655": [""], "658": [""], "660": [""], "661": [""], "662": [""], "665": [""], "666": [""], "667": [""], "675": [""], "668": [""], "669": [""], "671": [""], "672": [""], "677": [""], "678": [""], "696": [""], "686": [""], "688": [""], "694": [""], "689": [""], "690": [""], "691": [""], "692": [""], "731": [""], "714": [""], "717": [""], "721": [""], "724": [""], "725": [""], "728": [""], "729": [""], "740": [""], "734": [""], "736": [""], "737": [""], "739": [""], "756": [""], "752": [""], "753": [""], "754": [""], "768": [""], "759": [""], "760": [""], "765": [""], "761": [""], "763": [""], "764": [""], "767": [""], "769": [""], "781": [""], "804": [""], "851": [""], "822": [""], "824": [""], "825": [""], "828": [""], "829": [""], "830": [""], "831": [""], "834": [""], "835": [""], "838": [""], "839": [""], "840": [""], "843": [""], "846": [""], "847": [""], "849": [""], "922": [""], "873": [""], "877": [""], "878": [""], "879": [""], "880": [""], "883": [""], "884": [""], "887": [""], "888": [""], "891": [""], "894": [""], "896": [""], "900": [""], "903": [""], "904": [""], "905": [""], "908": [""], "911": [""], "914": [""], "917": [""], "918": [""], "920": [""], "949": [""], "1009": [""], "969": [""], "970": [""], "973": [""], "977": [""], "978": [""], "979": [""], "980": [""], "983": [""], "984": [""], "993": [""], "996": [""], "997": [""], "1003": [""], "998": [""], "999": [""], "1001": [""], "1000": [""], "1004": [""], "1005": [""], "1033": [""], "1023": [""], "1026": [""], "1028": [""], "1029": [""], "1031": [""], "1058": [""], "1046": [""], "1047": [""], "1050": [""], "1051": [""], "1053": [""], "1054": [""], "1056": [""], "1091": [""], "1073": [""], "1076": [""], "1077": [""], "1079": [""], "1080": [""], "1081": [""], "1083": [""], "1084": [""], "1089": [""], "1085": [""], "1086": [""], "1087": [""], "1123": [""], "1105": [""], "1106": [""], "1107": [""], "1110": [""], "1111": [""], "1113": [""], "1114": [""], "1116": [""], "1117": [""], "1119": [""], "1193": [""], "1137": [""], "1141": [""], "1143": [""], "1145": [""], "1171": [""], "1148": [""], "1149": [""], "1152": [""], "1154": [""], "1155": [""], "1156": [""], "1162": [""], "1164": [""], "1167": [""], "1168": [""], "1176": [""], "1172": [""], "1173": [""], "1177": [""], "1178": [""], "1181": [""], "1182": [""], "1183": [""], "1185": [""], "1186": [""], "1187": [""], "1189": [""], "1190": [""], "1191": [""], "1223": [""], "1207": [""], "1211": [""], "1214": [""], "1215": [""], "1217": [""], "1218": [""], "1219": [""], "1247": [""], "1238": [""], "1239": [""], "1242": [""], "1243": [""], "1245": [""], "1285": [""], "1262": [""], "1265": [""], "1268": [""], "1269": [""], "1272": [""], "1270": [""], "1276": [""], "1273": [""], "1275": [""], "1277": [""], "1278": [""], "1279": [""], "1280": [""], "1281": [""], "1284": [""], "1348": [""], "1301": [""], "1304": [""], "1305": [""], "1308": [""], "1309": [""], "1313": [""], "1314": [""], "1317": [""], "1322": [""], "1325": [""], "1327": [""], "1328": [""], "1330": [""], "1331": [""], "1333": [""], "1334": [""], "1338": [""], "1335": [""], "1378": [""], "1363": [""], "1366": [""], "1367": [""], "1369": [""], "1371": [""], "1372": [""], "1375": [""], "1373": [""], "1377": [""], "1394": [""], "1397": [""], "1398": [""], "1400": [""], "1401": [""], "1405": [""], "1402": [""], "1403": [""], "1436": [""], "1411": [""], "1412": [""], "1413": [""], "1416": [""], "1418": [""], "1419": [""], "1422": [""], "1433": [""], "1425": [""], "1426": [""], "1427": [""], "1431": [""], "1428": [""], "1430": [""], "1463": [""], "1439": [""], "1440": [""], "1442": [""], "1450": [""], "1444": [""], "1445": [""], "1446": [""], "1447": [""], "1448": [""], "1451": [""], "1453": [""], "1459": [""], "1454": [""], "1455": [""], "1456": [""], "1457": [""], "1466": [""], "1470": [""], "1477": [""], "1473": [""], "1474": [""], "1475": [""], "1493": [""], "1480": [""], "1481": [""], "1482": [""], "1580": [""], "1609": [""], "1641": [""], "1670": [""], "1699": [""], "1770": [""], "1787": [""], "1780": [""], "1782": [""], "1783": [""], "1800": [""], "1816": [""], "1846": [""], "1838": [""], "1833": [""], "1834": [""], "1836": [""], "1839": [""], "1840": [""], "1843": [""], "1871": [""], "1861": [""], "1864": [""], "1865": [""], "1867": [""], "1870": [""], "1893": [""], "1887": [""], "1888": [""], "1890": [""], "1918": [""], "1908": [""], "1910": [""], "1911": [""], "1912": [""], "1914": [""], "1917": [""], "1960": [""], "1934": [""], "1936": [""], "1937": [""], "1940": [""], "1941": [""], "1947": [""], "1950": [""], "1951": [""], "1952": [""], "1955": [""], "1956": [""], "1957": [""], "2021": [""], "1980": [""], "1979": [""], "1986": [""], "1981": [""], "1982": [""], "1987": [""], "1988": [""], "1991": [""], "1993": [""], "2005": [""], "2004": [""], "2010": [""], "2006": [""], "2007": [""], "2011": [""], "2012": [""], "2015": [""], "2017": [""], "2018": [""], "2050": [""], "2082": [""], "2113": [""], "2097": [""], "2099": [""], "2101": [""], "2105": [""], "2102": [""], "2109": [""], "2106": [""], "2107": [""], "2110": [""], "2142": [""], "2128": [""], "2131": [""], "2132": [""], "2133": [""], "2136": [""], "2138": [""], "2139": [""], "2182": [""], "2165": [""], "2166": [""], "2167": [""], "2170": [""], "2173": [""], "2176": [""], "2178": [""], "2179": [""], "2260": [""], "2214": [""], "2215": [""], "2216": [""], "2217": [""], "2218": [""], "2219": [""], "2222": [""], "2223": [""], "2224": [""], "2228": [""], "2225": [""], "2229": [""], "2230": [""], "2231": [""], "2235": [""], "2236": [""], "2237": [""], "2238": [""], "2239": [""], "2240": [""], "2241": [""], "2242": [""], "2246": [""], "2247": [""], "2248": [""], "2251": [""], "2254": [""], "2256": [""], "2257": [""], "2285": [""], "2288": [""], "2292": [""], "2295": [""], "2296": [""]}, "executed_branches": [], "missing_branches": []}, "ColorInfo.rgba_tuple": {"executed_lines": [], "summary": {"covered_lines": 0, "num_statements": 1, "percent_covered": 0.0, "percent_covered_display": "0.00", "missing_lines": 1, "excluded_lines": 0, "num_branches": 0, "num_partial_branches": 0, "covered_branches": 0, "missing_branches": 0}, "missing_lines": [209], "excluded_lines": [], "contexts": {"2284": [""], "2211": [""], "2164": [""], "2125": [""], "2094": [""], "1976": [""], "1933": [""], "1907": [""], "1884": [""], "1860": [""], "1832": [""], "1831": [""], "1781": [""], "1479": [""], "1472": [""], "1468": [""], "1443": [""], "1438": [""], "1410": [""], "1391": [""], "1360": [""], "1298": [""], "1259": [""], "1234": [""], "1204": [""], "1134": [""], "1102": [""], "1070": [""], "1043": [""], "1019": [""], "966": [""], "870": [""], "821": [""], "758": [""], "751": [""], "733": [""], "713": [""], "685": [""], "645": [""], "600": [""], "571": [""], "539": [""], "517": [""], "512": [""], "484": [""], "454": [""], "429": [""], "395": [""], "375": [""], "341": [""], "310": [""], "297": [""], "263": [""], "257": [""], "232": [""], "221": [""], "220": [""], "214": [""], "204": [""], "193": [""], "180": [""], "167": [""], "2": [""], "106": [""], "107": [""], "108": [""], "109": [""], "110": [""], "113": [""], "114": [""], "115": [""], "116": [""], "117": [""], "118": [""], "119": [""], "120": [""], "121": [""], "122": [""], "123": [""], "124": [""], "125": [""], "126": [""], "127": [""], "128": [""], "129": [""], "130": [""], "131": [""], "132": [""], "133": [""], "134": [""], "135": [""], "136": [""], "137": [""], "138": [""], "139": [""], "140": [""], "141": [""], "142": [""], "143": [""], "144": [""], "145": [""], "146": [""], "147": [""], "148": [""], "149": [""], "150": [""], "151": [""], "152": [""], "153": [""], "154": [""], "155": [""], "156": [""], "157": [""], "158": [""], "159": [""], "160": [""], "162": [""], "163": [""], "168": [""], "169": [""], "170": [""], "171": [""], "172": [""], "173": [""], "174": [""], "175": [""], "176": [""], "177": [""], "181": [""], "182": [""], "183": [""], "184": [""], "185": [""], "186": [""], "187": [""], "188": [""], "190": [""], "191": [""], "195": [""], "196": [""], "201": [""], "202": [""], "206": [""], "207": [""], "211": [""], "212": [""], "216": [""], "217": [""], "230": [""], "224": [""], "222": [""], "225": [""], "226": [""], "228": [""], "234": [""], "242": [""], "283": [""], "261": [""], "270": [""], "264": [""], "265": [""], "266": [""], "268": [""], "271": [""], "272": [""], "276": [""], "277": [""], "278": [""], "281": [""], "327": [""], "300": [""], "303": [""], "304": [""], "305": [""], "308": [""], "316": [""], "311": [""], "312": [""], "314": [""], "317": [""], "318": [""], "321": [""], "322": [""], "323": [""], "325": [""], "359": [""], "344": [""], "347": [""], "348": [""], "350": [""], "357": [""], "351": [""], "354": [""], "355": [""], "360": [""], "411": [""], "376": [""], "377": [""], "379": [""], "383": [""], "384": [""], "385": [""], "388": [""], "389": [""], "390": [""], "393": [""], "400": [""], "396": [""], "398": [""], "401": [""], "402": [""], "405": [""], "406": [""], "407": [""], "409": [""], "412": [""], "466": [""], "432": [""], "436": [""], "441": [""], "444": [""], "447": [""], "448": [""], "449": [""], "452": [""], "460": [""], "455": [""], "456": [""], "458": [""], "461": [""], "462": [""], "464": [""], "467": [""], "487": [""], "490": [""], "494": [""], "499": [""], "502": [""], "504": [""], "506": [""], "507": [""], "509": [""], "513": [""], "1408": [""], "515": [""], "522": [""], "518": [""], "519": [""], "520": [""], "569": [""], "540": [""], "542": [""], "545": [""], "546": [""], "548": [""], "549": [""], "556": [""], "550": [""], "554": [""], "551": [""], "552": [""], "557": [""], "561": [""], "560": [""], "567": [""], "562": [""], "563": [""], "564": [""], "598": [""], "572": [""], "573": [""], "575": [""], "577": [""], "579": [""], "581": [""], "583": [""], "587": [""], "584": [""], "585": [""], "586": [""], "596": [""], "589": [""], "590": [""], "591": [""], "592": [""], "643": [""], "601": [""], "602": [""], "604": [""], "605": [""], "607": [""], "608": [""], "610": [""], "611": [""], "613": [""], "615": [""], "616": [""], "617": [""], "627": [""], "618": [""], "620": [""], "623": [""], "624": [""], "628": [""], "629": [""], "636": [""], "630": [""], "633": [""], "634": [""], "637": [""], "638": [""], "683": [""], "646": [""], "647": [""], "649": [""], "650": [""], "652": [""], "653": [""], "655": [""], "658": [""], "660": [""], "661": [""], "662": [""], "665": [""], "666": [""], "667": [""], "675": [""], "668": [""], "669": [""], "671": [""], "672": [""], "677": [""], "678": [""], "696": [""], "686": [""], "688": [""], "694": [""], "689": [""], "690": [""], "691": [""], "692": [""], "731": [""], "714": [""], "717": [""], "721": [""], "724": [""], "725": [""], "728": [""], "729": [""], "740": [""], "734": [""], "736": [""], "737": [""], "739": [""], "756": [""], "752": [""], "753": [""], "754": [""], "768": [""], "759": [""], "760": [""], "765": [""], "761": [""], "763": [""], "764": [""], "767": [""], "769": [""], "781": [""], "804": [""], "851": [""], "822": [""], "824": [""], "825": [""], "828": [""], "829": [""], "830": [""], "831": [""], "834": [""], "835": [""], "838": [""], "839": [""], "840": [""], "843": [""], "846": [""], "847": [""], "849": [""], "922": [""], "873": [""], "877": [""], "878": [""], "879": [""], "880": [""], "883": [""], "884": [""], "887": [""], "888": [""], "891": [""], "894": [""], "896": [""], "900": [""], "903": [""], "904": [""], "905": [""], "908": [""], "911": [""], "914": [""], "917": [""], "918": [""], "920": [""], "949": [""], "1009": [""], "969": [""], "970": [""], "973": [""], "977": [""], "978": [""], "979": [""], "980": [""], "983": [""], "984": [""], "993": [""], "996": [""], "997": [""], "1003": [""], "998": [""], "999": [""], "1001": [""], "1000": [""], "1004": [""], "1005": [""], "1033": [""], "1023": [""], "1026": [""], "1028": [""], "1029": [""], "1031": [""], "1058": [""], "1046": [""], "1047": [""], "1050": [""], "1051": [""], "1053": [""], "1054": [""], "1056": [""], "1091": [""], "1073": [""], "1076": [""], "1077": [""], "1079": [""], "1080": [""], "1081": [""], "1083": [""], "1084": [""], "1089": [""], "1085": [""], "1086": [""], "1087": [""], "1123": [""], "1105": [""], "1106": [""], "1107": [""], "1110": [""], "1111": [""], "1113": [""], "1114": [""], "1116": [""], "1117": [""], "1119": [""], "1193": [""], "1137": [""], "1141": [""], "1143": [""], "1145": [""], "1171": [""], "1148": [""], "1149": [""], "1152": [""], "1154": [""], "1155": [""], "1156": [""], "1162": [""], "1164": [""], "1167": [""], "1168": [""], "1176": [""], "1172": [""], "1173": [""], "1177": [""], "1178": [""], "1181": [""], "1182": [""], "1183": [""], "1185": [""], "1186": [""], "1187": [""], "1189": [""], "1190": [""], "1191": [""], "1223": [""], "1207": [""], "1211": [""], "1214": [""], "1215": [""], "1217": [""], "1218": [""], "1219": [""], "1247": [""], "1238": [""], "1239": [""], "1242": [""], "1243": [""], "1245": [""], "1285": [""], "1262": [""], "1265": [""], "1268": [""], "1269": [""], "1272": [""], "1270": [""], "1276": [""], "1273": [""], "1275": [""], "1277": [""], "1278": [""], "1279": [""], "1280": [""], "1281": [""], "1284": [""], "1348": [""], "1301": [""], "1304": [""], "1305": [""], "1308": [""], "1309": [""], "1313": [""], "1314": [""], "1317": [""], "1322": [""], "1325": [""], "1327": [""], "1328": [""], "1330": [""], "1331": [""], "1333": [""], "1334": [""], "1338": [""], "1335": [""], "1378": [""], "1363": [""], "1366": [""], "1367": [""], "1369": [""], "1371": [""], "1372": [""], "1375": [""], "1373": [""], "1377": [""], "1394": [""], "1397": [""], "1398": [""], "1400": [""], "1401": [""], "1405": [""], "1402": [""], "1403": [""], "1436": [""], "1411": [""], "1412": [""], "1413": [""], "1416": [""], "1418": [""], "1419": [""], "1422": [""], "1433": [""], "1425": [""], "1426": [""], "1427": [""], "1431": [""], "1428": [""], "1430": [""], "1463": [""], "1439": [""], "1440": [""], "1442": [""], "1450": [""], "1444": [""], "1445": [""], "1446": [""], "1447": [""], "1448": [""], "1451": [""], "1453": [""], "1459": [""], "1454": [""], "1455": [""], "1456": [""], "1457": [""], "1466": [""], "1470": [""], "1477": [""], "1473": [""], "1474": [""], "1475": [""], "1493": [""], "1480": [""], "1481": [""], "1482": [""], "1580": [""], "1609": [""], "1641": [""], "1670": [""], "1699": [""], "1770": [""], "1787": [""], "1780": [""], "1782": [""], "1783": [""], "1800": [""], "1816": [""], "1846": [""], "1838": [""], "1833": [""], "1834": [""], "1836": [""], "1839": [""], "1840": [""], "1843": [""], "1871": [""], "1861": [""], "1864": [""], "1865": [""], "1867": [""], "1870": [""], "1893": [""], "1887": [""], "1888": [""], "1890": [""], "1918": [""], "1908": [""], "1910": [""], "1911": [""], "1912": [""], "1914": [""], "1917": [""], "1960": [""], "1934": [""], "1936": [""], "1937": [""], "1940": [""], "1941": [""], "1947": [""], "1950": [""], "1951": [""], "1952": [""], "1955": [""], "1956": [""], "1957": [""], "2021": [""], "1980": [""], "1979": [""], "1986": [""], "1981": [""], "1982": [""], "1987": [""], "1988": [""], "1991": [""], "1993": [""], "2005": [""], "2004": [""], "2010": [""], "2006": [""], "2007": [""], "2011": [""], "2012": [""], "2015": [""], "2017": [""], "2018": [""], "2050": [""], "2082": [""], "2113": [""], "2097": [""], "2099": [""], "2101": [""], "2105": [""], "2102": [""], "2109": [""], "2106": [""], "2107": [""], "2110": [""], "2142": [""], "2128": [""], "2131": [""], "2132": [""], "2133": [""], "2136": [""], "2138": [""], "2139": [""], "2182": [""], "2165": [""], "2166": [""], "2167": [""], "2170": [""], "2173": [""], "2176": [""], "2178": [""], "2179": [""], "2260": [""], "2214": [""], "2215": [""], "2216": [""], "2217": [""], "2218": [""], "2219": [""], "2222": [""], "2223": [""], "2224": [""], "2228": [""], "2225": [""], "2229": [""], "2230": [""], "2231": [""], "2235": [""], "2236": [""], "2237": [""], "2238": [""], "2239": [""], "2240": [""], "2241": [""], "2242": [""], "2246": [""], "2247": [""], "2248": [""], "2251": [""], "2254": [""], "2256": [""], "2257": [""], "2285": [""], "2288": [""], "2292": [""], "2295": [""], "2296": [""]}, "executed_branches": [], "missing_branches": []}, "ColorInfo.hsl": {"executed_lines": [214], "summary": {"covered_lines": 1, "num_statements": 1, "percent_covered": 100.0, "percent_covered_display": "100.00", "missing_lines": 0, "excluded_lines": 0, "num_branches": 0, "num_partial_branches": 0, "covered_branches": 0, "missing_branches": 0}, "missing_lines": [], "excluded_lines": [], "contexts": {"2284": [""], "2211": [""], "2164": [""], "2125": [""], "2094": [""], "1976": [""], "1933": [""], "1907": [""], "1884": [""], "1860": [""], "1832": [""], "1831": [""], "1781": [""], "1479": [""], "1472": [""], "1468": [""], "1443": [""], "1438": [""], "1410": [""], "1391": [""], "1360": [""], "1298": [""], "1259": [""], "1234": [""], "1204": [""], "1134": [""], "1102": [""], "1070": [""], "1043": [""], "1019": [""], "966": [""], "870": [""], "821": [""], "758": [""], "751": [""], "733": [""], "713": [""], "685": [""], "645": [""], "600": [""], "571": [""], "539": [""], "517": [""], "512": [""], "484": [""], "454": [""], "429": [""], "395": [""], "375": [""], "341": [""], "310": [""], "297": [""], "263": [""], "257": [""], "232": [""], "221": [""], "220": [""], "214": [""], "204": [""], "193": [""], "180": [""], "167": [""], "2": [""], "106": [""], "107": [""], "108": [""], "109": [""], "110": [""], "113": [""], "114": [""], "115": [""], "116": [""], "117": [""], "118": [""], "119": [""], "120": [""], "121": [""], "122": [""], "123": [""], "124": [""], "125": [""], "126": [""], "127": [""], "128": [""], "129": [""], "130": [""], "131": [""], "132": [""], "133": [""], "134": [""], "135": [""], "136": [""], "137": [""], "138": [""], "139": [""], "140": [""], "141": [""], "142": [""], "143": [""], "144": [""], "145": [""], "146": [""], "147": [""], "148": [""], "149": [""], "150": [""], "151": [""], "152": [""], "153": [""], "154": [""], "155": [""], "156": [""], "157": [""], "158": [""], "159": [""], "160": [""], "162": [""], "163": [""], "168": [""], "169": [""], "170": [""], "171": [""], "172": [""], "173": [""], "174": [""], "175": [""], "176": [""], "177": [""], "181": [""], "182": [""], "183": [""], "184": [""], "185": [""], "186": [""], "187": [""], "188": [""], "190": [""], "191": [""], "195": [""], "196": [""], "201": [""], "202": [""], "206": [""], "207": [""], "211": [""], "212": [""], "216": [""], "217": [""], "230": [""], "224": [""], "222": [""], "225": [""], "226": [""], "228": [""], "234": [""], "242": [""], "283": [""], "261": [""], "270": [""], "264": [""], "265": [""], "266": [""], "268": [""], "271": [""], "272": [""], "276": [""], "277": [""], "278": [""], "281": [""], "327": [""], "300": [""], "303": [""], "304": [""], "305": [""], "308": [""], "316": [""], "311": [""], "312": [""], "314": [""], "317": [""], "318": [""], "321": [""], "322": [""], "323": [""], "325": [""], "359": [""], "344": [""], "347": [""], "348": [""], "350": [""], "357": [""], "351": [""], "354": [""], "355": [""], "360": [""], "411": [""], "376": [""], "377": [""], "379": [""], "383": [""], "384": [""], "385": [""], "388": [""], "389": [""], "390": [""], "393": [""], "400": [""], "396": [""], "398": [""], "401": [""], "402": [""], "405": [""], "406": [""], "407": [""], "409": [""], "412": [""], "466": [""], "432": [""], "436": [""], "441": [""], "444": [""], "447": [""], "448": [""], "449": [""], "452": [""], "460": [""], "455": [""], "456": [""], "458": [""], "461": [""], "462": [""], "464": [""], "467": [""], "487": [""], "490": [""], "494": [""], "499": [""], "502": [""], "504": [""], "506": [""], "507": [""], "509": [""], "513": [""], "1408": [""], "515": [""], "522": [""], "518": [""], "519": [""], "520": [""], "569": [""], "540": [""], "542": [""], "545": [""], "546": [""], "548": [""], "549": [""], "556": [""], "550": [""], "554": [""], "551": [""], "552": [""], "557": [""], "561": [""], "560": [""], "567": [""], "562": [""], "563": [""], "564": [""], "598": [""], "572": [""], "573": [""], "575": [""], "577": [""], "579": [""], "581": [""], "583": [""], "587": [""], "584": [""], "585": [""], "586": [""], "596": [""], "589": [""], "590": [""], "591": [""], "592": [""], "643": [""], "601": [""], "602": [""], "604": [""], "605": [""], "607": [""], "608": [""], "610": [""], "611": [""], "613": [""], "615": [""], "616": [""], "617": [""], "627": [""], "618": [""], "620": [""], "623": [""], "624": [""], "628": [""], "629": [""], "636": [""], "630": [""], "633": [""], "634": [""], "637": [""], "638": [""], "683": [""], "646": [""], "647": [""], "649": [""], "650": [""], "652": [""], "653": [""], "655": [""], "658": [""], "660": [""], "661": [""], "662": [""], "665": [""], "666": [""], "667": [""], "675": [""], "668": [""], "669": [""], "671": [""], "672": [""], "677": [""], "678": [""], "696": [""], "686": [""], "688": [""], "694": [""], "689": [""], "690": [""], "691": [""], "692": [""], "731": [""], "714": [""], "717": [""], "721": [""], "724": [""], "725": [""], "728": [""], "729": [""], "740": [""], "734": [""], "736": [""], "737": [""], "739": [""], "756": [""], "752": [""], "753": [""], "754": [""], "768": [""], "759": [""], "760": [""], "765": [""], "761": [""], "763": [""], "764": [""], "767": [""], "769": [""], "781": [""], "804": [""], "851": [""], "822": [""], "824": [""], "825": [""], "828": [""], "829": [""], "830": [""], "831": [""], "834": [""], "835": [""], "838": [""], "839": [""], "840": [""], "843": [""], "846": [""], "847": [""], "849": [""], "922": [""], "873": [""], "877": [""], "878": [""], "879": [""], "880": [""], "883": [""], "884": [""], "887": [""], "888": [""], "891": [""], "894": [""], "896": [""], "900": [""], "903": [""], "904": [""], "905": [""], "908": [""], "911": [""], "914": [""], "917": [""], "918": [""], "920": [""], "949": [""], "1009": [""], "969": [""], "970": [""], "973": [""], "977": [""], "978": [""], "979": [""], "980": [""], "983": [""], "984": [""], "993": [""], "996": [""], "997": [""], "1003": [""], "998": [""], "999": [""], "1001": [""], "1000": [""], "1004": [""], "1005": [""], "1033": [""], "1023": [""], "1026": [""], "1028": [""], "1029": [""], "1031": [""], "1058": [""], "1046": [""], "1047": [""], "1050": [""], "1051": [""], "1053": [""], "1054": [""], "1056": [""], "1091": [""], "1073": [""], "1076": [""], "1077": [""], "1079": [""], "1080": [""], "1081": [""], "1083": [""], "1084": [""], "1089": [""], "1085": [""], "1086": [""], "1087": [""], "1123": [""], "1105": [""], "1106": [""], "1107": [""], "1110": [""], "1111": [""], "1113": [""], "1114": [""], "1116": [""], "1117": [""], "1119": [""], "1193": [""], "1137": [""], "1141": [""], "1143": [""], "1145": [""], "1171": [""], "1148": [""], "1149": [""], "1152": [""], "1154": [""], "1155": [""], "1156": [""], "1162": [""], "1164": [""], "1167": [""], "1168": [""], "1176": [""], "1172": [""], "1173": [""], "1177": [""], "1178": [""], "1181": [""], "1182": [""], "1183": [""], "1185": [""], "1186": [""], "1187": [""], "1189": [""], "1190": [""], "1191": [""], "1223": [""], "1207": [""], "1211": [""], "1214": [""], "1215": [""], "1217": [""], "1218": [""], "1219": [""], "1247": [""], "1238": [""], "1239": [""], "1242": [""], "1243": [""], "1245": [""], "1285": [""], "1262": [""], "1265": [""], "1268": [""], "1269": [""], "1272": [""], "1270": [""], "1276": [""], "1273": [""], "1275": [""], "1277": [""], "1278": [""], "1279": [""], "1280": [""], "1281": [""], "1284": [""], "1348": [""], "1301": [""], "1304": [""], "1305": [""], "1308": [""], "1309": [""], "1313": [""], "1314": [""], "1317": [""], "1322": [""], "1325": [""], "1327": [""], "1328": [""], "1330": [""], "1331": [""], "1333": [""], "1334": [""], "1338": [""], "1335": [""], "1378": [""], "1363": [""], "1366": [""], "1367": [""], "1369": [""], "1371": [""], "1372": [""], "1375": [""], "1373": [""], "1377": [""], "1394": [""], "1397": [""], "1398": [""], "1400": [""], "1401": [""], "1405": [""], "1402": [""], "1403": [""], "1436": [""], "1411": [""], "1412": [""], "1413": [""], "1416": [""], "1418": [""], "1419": [""], "1422": [""], "1433": [""], "1425": [""], "1426": [""], "1427": [""], "1431": [""], "1428": [""], "1430": [""], "1463": [""], "1439": [""], "1440": [""], "1442": [""], "1450": [""], "1444": [""], "1445": [""], "1446": [""], "1447": [""], "1448": [""], "1451": [""], "1453": [""], "1459": [""], "1454": [""], "1455": [""], "1456": [""], "1457": [""], "1466": [""], "1470": [""], "1477": [""], "1473": [""], "1474": [""], "1475": [""], "1493": [""], "1480": [""], "1481": [""], "1482": [""], "1580": [""], "1609": [""], "1641": [""], "1670": [""], "1699": [""], "1770": [""], "1787": [""], "1780": [""], "1782": [""], "1783": [""], "1800": [""], "1816": [""], "1846": [""], "1838": [""], "1833": [""], "1834": [""], "1836": [""], "1839": [""], "1840": [""], "1843": [""], "1871": [""], "1861": [""], "1864": [""], "1865": [""], "1867": [""], "1870": [""], "1893": [""], "1887": [""], "1888": [""], "1890": [""], "1918": [""], "1908": [""], "1910": [""], "1911": [""], "1912": [""], "1914": [""], "1917": [""], "1960": [""], "1934": [""], "1936": [""], "1937": [""], "1940": [""], "1941": [""], "1947": [""], "1950": [""], "1951": [""], "1952": [""], "1955": [""], "1956": [""], "1957": [""], "2021": [""], "1980": [""], "1979": [""], "1986": [""], "1981": [""], "1982": [""], "1987": [""], "1988": [""], "1991": [""], "1993": [""], "2005": [""], "2004": [""], "2010": [""], "2006": [""], "2007": [""], "2011": [""], "2012": [""], "2015": [""], "2017": [""], "2018": [""], "2050": [""], "2082": [""], "2113": [""], "2097": [""], "2099": [""], "2101": [""], "2105": [""], "2102": [""], "2109": [""], "2106": [""], "2107": [""], "2110": [""], "2142": [""], "2128": [""], "2131": [""], "2132": [""], "2133": [""], "2136": [""], "2138": [""], "2139": [""], "2182": [""], "2165": [""], "2166": [""], "2167": [""], "2170": [""], "2173": [""], "2176": [""], "2178": [""], "2179": [""], "2260": [""], "2214": [""], "2215": [""], "2216": [""], "2217": [""], "2218": [""], "2219": [""], "2222": [""], "2223": [""], "2224": [""], "2228": [""], "2225": [""], "2229": [""], "2230": [""], "2231": [""], "2235": [""], "2236": [""], "2237": [""], "2238": [""], "2239": [""], "2240": [""], "2241": [""], "2242": [""], "2246": [""], "2247": [""], "2248": [""], "2251": [""], "2254": [""], "2256": [""], "2257": [""], "2285": [""], "2288": [""], "2292": [""], "2295": [""], "2296": [""]}, "executed_branches": [], "missing_branches": []}, "ColorInfo.luminance": {"executed_lines": [220, 224, 225, 226, 228], "summary": {"covered_lines": 5, "num_statements": 5, "percent_covered": 100.0, "percent_covered_display": "100.00", "missing_lines": 0, "excluded_lines": 0, "num_branches": 0, "num_partial_branches": 0, "covered_branches": 0, "missing_branches": 0}, "missing_lines": [], "excluded_lines": [], "contexts": {"2284": [""], "2211": [""], "2164": [""], "2125": [""], "2094": [""], "1976": [""], "1933": [""], "1907": [""], "1884": [""], "1860": [""], "1832": [""], "1831": [""], "1781": [""], "1479": [""], "1472": [""], "1468": [""], "1443": [""], "1438": [""], "1410": [""], "1391": [""], "1360": [""], "1298": [""], "1259": [""], "1234": [""], "1204": [""], "1134": [""], "1102": [""], "1070": [""], "1043": [""], "1019": [""], "966": [""], "870": [""], "821": [""], "758": [""], "751": [""], "733": [""], "713": [""], "685": [""], "645": [""], "600": [""], "571": [""], "539": [""], "517": [""], "512": [""], "484": [""], "454": [""], "429": [""], "395": [""], "375": [""], "341": [""], "310": [""], "297": [""], "263": [""], "257": [""], "232": [""], "221": [""], "220": [""], "214": [""], "204": [""], "193": [""], "180": [""], "167": [""], "2": [""], "106": [""], "107": [""], "108": [""], "109": [""], "110": [""], "113": [""], "114": [""], "115": [""], "116": [""], "117": [""], "118": [""], "119": [""], "120": [""], "121": [""], "122": [""], "123": [""], "124": [""], "125": [""], "126": [""], "127": [""], "128": [""], "129": [""], "130": [""], "131": [""], "132": [""], "133": [""], "134": [""], "135": [""], "136": [""], "137": [""], "138": [""], "139": [""], "140": [""], "141": [""], "142": [""], "143": [""], "144": [""], "145": [""], "146": [""], "147": [""], "148": [""], "149": [""], "150": [""], "151": [""], "152": [""], "153": [""], "154": [""], "155": [""], "156": [""], "157": [""], "158": [""], "159": [""], "160": [""], "162": [""], "163": [""], "168": [""], "169": [""], "170": [""], "171": [""], "172": [""], "173": [""], "174": [""], "175": [""], "176": [""], "177": [""], "181": [""], "182": [""], "183": [""], "184": [""], "185": [""], "186": [""], "187": [""], "188": [""], "190": [""], "191": [""], "195": [""], "196": [""], "201": [""], "202": [""], "206": [""], "207": [""], "211": [""], "212": [""], "216": [""], "217": [""], "230": [""], "224": [""], "222": [""], "225": [""], "226": [""], "228": [""], "234": [""], "242": [""], "283": [""], "261": [""], "270": [""], "264": [""], "265": [""], "266": [""], "268": [""], "271": [""], "272": [""], "276": [""], "277": [""], "278": [""], "281": [""], "327": [""], "300": [""], "303": [""], "304": [""], "305": [""], "308": [""], "316": [""], "311": [""], "312": [""], "314": [""], "317": [""], "318": [""], "321": [""], "322": [""], "323": [""], "325": [""], "359": [""], "344": [""], "347": [""], "348": [""], "350": [""], "357": [""], "351": [""], "354": [""], "355": [""], "360": [""], "411": [""], "376": [""], "377": [""], "379": [""], "383": [""], "384": [""], "385": [""], "388": [""], "389": [""], "390": [""], "393": [""], "400": [""], "396": [""], "398": [""], "401": [""], "402": [""], "405": [""], "406": [""], "407": [""], "409": [""], "412": [""], "466": [""], "432": [""], "436": [""], "441": [""], "444": [""], "447": [""], "448": [""], "449": [""], "452": [""], "460": [""], "455": [""], "456": [""], "458": [""], "461": [""], "462": [""], "464": [""], "467": [""], "487": [""], "490": [""], "494": [""], "499": [""], "502": [""], "504": [""], "506": [""], "507": [""], "509": [""], "513": [""], "1408": [""], "515": [""], "522": [""], "518": [""], "519": [""], "520": [""], "569": [""], "540": [""], "542": [""], "545": [""], "546": [""], "548": [""], "549": [""], "556": [""], "550": [""], "554": [""], "551": [""], "552": [""], "557": [""], "561": [""], "560": [""], "567": [""], "562": [""], "563": [""], "564": [""], "598": [""], "572": [""], "573": [""], "575": [""], "577": [""], "579": [""], "581": [""], "583": [""], "587": [""], "584": [""], "585": [""], "586": [""], "596": [""], "589": [""], "590": [""], "591": [""], "592": [""], "643": [""], "601": [""], "602": [""], "604": [""], "605": [""], "607": [""], "608": [""], "610": [""], "611": [""], "613": [""], "615": [""], "616": [""], "617": [""], "627": [""], "618": [""], "620": [""], "623": [""], "624": [""], "628": [""], "629": [""], "636": [""], "630": [""], "633": [""], "634": [""], "637": [""], "638": [""], "683": [""], "646": [""], "647": [""], "649": [""], "650": [""], "652": [""], "653": [""], "655": [""], "658": [""], "660": [""], "661": [""], "662": [""], "665": [""], "666": [""], "667": [""], "675": [""], "668": [""], "669": [""], "671": [""], "672": [""], "677": [""], "678": [""], "696": [""], "686": [""], "688": [""], "694": [""], "689": [""], "690": [""], "691": [""], "692": [""], "731": [""], "714": [""], "717": [""], "721": [""], "724": [""], "725": [""], "728": [""], "729": [""], "740": [""], "734": [""], "736": [""], "737": [""], "739": [""], "756": [""], "752": [""], "753": [""], "754": [""], "768": [""], "759": [""], "760": [""], "765": [""], "761": [""], "763": [""], "764": [""], "767": [""], "769": [""], "781": [""], "804": [""], "851": [""], "822": [""], "824": [""], "825": [""], "828": [""], "829": [""], "830": [""], "831": [""], "834": [""], "835": [""], "838": [""], "839": [""], "840": [""], "843": [""], "846": [""], "847": [""], "849": [""], "922": [""], "873": [""], "877": [""], "878": [""], "879": [""], "880": [""], "883": [""], "884": [""], "887": [""], "888": [""], "891": [""], "894": [""], "896": [""], "900": [""], "903": [""], "904": [""], "905": [""], "908": [""], "911": [""], "914": [""], "917": [""], "918": [""], "920": [""], "949": [""], "1009": [""], "969": [""], "970": [""], "973": [""], "977": [""], "978": [""], "979": [""], "980": [""], "983": [""], "984": [""], "993": [""], "996": [""], "997": [""], "1003": [""], "998": [""], "999": [""], "1001": [""], "1000": [""], "1004": [""], "1005": [""], "1033": [""], "1023": [""], "1026": [""], "1028": [""], "1029": [""], "1031": [""], "1058": [""], "1046": [""], "1047": [""], "1050": [""], "1051": [""], "1053": [""], "1054": [""], "1056": [""], "1091": [""], "1073": [""], "1076": [""], "1077": [""], "1079": [""], "1080": [""], "1081": [""], "1083": [""], "1084": [""], "1089": [""], "1085": [""], "1086": [""], "1087": [""], "1123": [""], "1105": [""], "1106": [""], "1107": [""], "1110": [""], "1111": [""], "1113": [""], "1114": [""], "1116": [""], "1117": [""], "1119": [""], "1193": [""], "1137": [""], "1141": [""], "1143": [""], "1145": [""], "1171": [""], "1148": [""], "1149": [""], "1152": [""], "1154": [""], "1155": [""], "1156": [""], "1162": [""], "1164": [""], "1167": [""], "1168": [""], "1176": [""], "1172": [""], "1173": [""], "1177": [""], "1178": [""], "1181": [""], "1182": [""], "1183": [""], "1185": [""], "1186": [""], "1187": [""], "1189": [""], "1190": [""], "1191": [""], "1223": [""], "1207": [""], "1211": [""], "1214": [""], "1215": [""], "1217": [""], "1218": [""], "1219": [""], "1247": [""], "1238": [""], "1239": [""], "1242": [""], "1243": [""], "1245": [""], "1285": [""], "1262": [""], "1265": [""], "1268": [""], "1269": [""], "1272": [""], "1270": [""], "1276": [""], "1273": [""], "1275": [""], "1277": [""], "1278": [""], "1279": [""], "1280": [""], "1281": [""], "1284": [""], "1348": [""], "1301": [""], "1304": [""], "1305": [""], "1308": [""], "1309": [""], "1313": [""], "1314": [""], "1317": [""], "1322": [""], "1325": [""], "1327": [""], "1328": [""], "1330": [""], "1331": [""], "1333": [""], "1334": [""], "1338": [""], "1335": [""], "1378": [""], "1363": [""], "1366": [""], "1367": [""], "1369": [""], "1371": [""], "1372": [""], "1375": [""], "1373": [""], "1377": [""], "1394": [""], "1397": [""], "1398": [""], "1400": [""], "1401": [""], "1405": [""], "1402": [""], "1403": [""], "1436": [""], "1411": [""], "1412": [""], "1413": [""], "1416": [""], "1418": [""], "1419": [""], "1422": [""], "1433": [""], "1425": [""], "1426": [""], "1427": [""], "1431": [""], "1428": [""], "1430": [""], "1463": [""], "1439": [""], "1440": [""], "1442": [""], "1450": [""], "1444": [""], "1445": [""], "1446": [""], "1447": [""], "1448": [""], "1451": [""], "1453": [""], "1459": [""], "1454": [""], "1455": [""], "1456": [""], "1457": [""], "1466": [""], "1470": [""], "1477": [""], "1473": [""], "1474": [""], "1475": [""], "1493": [""
[...]
272": [""], "1270": [""], "1276": [""], "1273": [""], "1275": [""], "1277": [""], "1278": [""], "1279": [""], "1280": [""], "1281": [""], "1284": [""], "1348": [""], "1301": [""], "1304": [""], "1305": [""], "1308": [""], "1309": [""], "1313": [""], "1314": [""], "1317": [""], "1322": [""], "1325": [""], "1327": [""], "1328": [""], "1330": [""], "1331": [""], "1333": [""], "1334": [""], "1338": [""], "1335": [""], "1378": [""], "1363": [""], "1366": [""], "1367": [""], "1369": [""], "1371": [""], "1372": [""], "1375": [""], "1373": [""], "1377": [""], "1394": [""], "1397": [""], "1398": [""], "1400": [""], "1401": [""], "1405": [""], "1402": [""], "1403": [""], "1436": [""], "1411": [""], "1412": [""], "1413": [""], "1416": [""], "1418": [""], "1419": [""], "1422": [""], "1433": [""], "1425": [""], "1426": [""], "1427": [""], "1431": [""], "1428": [""], "1430": [""], "1463": [""], "1439": [""], "1440": [""], "1442": [""], "1450": [""], "1444": [""], "1445": [""], "1446": [""], "1447": [""], "1448": [""], "1451": [""], "1453": [""], "1459": [""], "1454": [""], "1455": [""], "1456": [""], "1457": [""], "1466": [""], "1470": [""], "1477": [""], "1473": [""], "1474": [""], "1475": [""], "1493": [""], "1480": [""], "1481": [""], "1482": [""], "1580": [""], "1609": [""], "1641": [""], "1670": [""], "1699": [""], "1770": [""], "1787": [""], "1780": [""], "1782": [""], "1783": [""], "1800": [""], "1816": [""], "1846": [""], "1838": [""], "1833": [""], "1834": [""], "1836": [""], "1839": [""], "1840": [""], "1843": [""], "1871": [""], "1861": [""], "1864": [""], "1865": [""], "1867": [""], "1870": [""], "1893": [""], "1887": [""], "1888": [""], "1890": [""], "1918": [""], "1908": [""], "1910": [""], "1911": [""], "1912": [""], "1914": [""], "1917": [""], "1960": [""], "1934": [""], "1936": [""], "1937": [""], "1940": [""], "1941": [""], "1947": [""], "1950": [""], "1951": [""], "1952": [""], "1955": [""], "1956": [""], "1957": [""], "2021": [""], "1980": [""], "1979": [""], "1986": [""], "1981": [""], "1982": [""], "1987": [""], "1988": [""], "1991": [""], "1993": [""], "2005": [""], "2004": [""], "2010": [""], "2006": [""], "2007": [""], "2011": [""], "2012": [""], "2015": [""], "2017": [""], "2018": [""], "2050": [""], "2082": [""], "2113": [""], "2097": [""], "2099": [""], "2101": [""], "2105": [""], "2102": [""], "2109": [""], "2106": [""], "2107": [""], "2110": [""], "2142": [""], "2128": [""], "2131": [""], "2132": [""], "2133": [""], "2136": [""], "2138": [""], "2139": [""], "2182": [""], "2165": [""], "2166": [""], "2167": [""], "2170": [""], "2173": [""], "2176": [""], "2178": [""], "2179": [""], "2260": [""], "2214": [""], "2215": [""], "2216": [""], "2217": [""], "2218": [""], "2219": [""], "2222": [""], "2223": [""], "2224": [""], "2228": [""], "2225": [""], "2229": [""], "2230": [""], "2231": [""], "2235": [""], "2236": [""], "2237": [""], "2238": [""], "2239": [""], "2240": [""], "2241": [""], "2242": [""], "2246": [""], "2247": [""], "2248": [""], "2251": [""], "2254": [""], "2256": [""], "2257": [""], "2285": [""], "2288": [""], "2292": [""], "2295": [""], "2296": [""]}, "executed_branches": [[539, 540], [539, 542], [545, 546], [545, 548], [548, 549], [548, 556], [549, 550], [549, 554], [556, 557], [556, 560], [572, 573], [572, 575], [577, 579], [577, 581], [581, 583], [581, 587], [587, 589], [601, 602], [601, 604], [610, 611], [610, 613], [616, 617], [616, 627], [618, 620], [618, 623], [628, 629], [628, 636], [630, 633], [646, 647], [646, 649], [655, 658], [666, 667], [666, 675], [668, 669], [668, 671], [686, 688], [686, 694], [689, 690], [713, 714], [713, 717], [717, 721], [724, 725], [724, 728], [733, 734], [733, 736], [752, 753], [752, 754], [759, 760], [759, 765], [761, 763], [821, 822], [821, 824], [824, 825], [824, 828], [828, 829], [828, 830], [830, 831], [830, 834], [870, 873], [873, 877], [877, 878], [877, 879], [879, 880], [879, 883], [894, 896], [896, 900], [903, 904], [903, 905], [905, 908], [966, 969], [969, 970], [969, 973], [970, 969], [973, 977], [977, 978], [977, 979], [979, 980], [979, 983], [983, 984], [996, 997], [996, 1003], [998, 999], [998, 1001], [1019, 1023], [1043, 1046], [1070, 1073], [1073, 1076], [1083, 1084], [1083, 1089], [1102, 1105], [1134, 1137], [1137, 1141], [1143, 1145], [1143, 1171], [1145, 1148], [1152, 1154], [1154, 1155], [1162, 1164], [1164, 1167], [1204, 1207], [1207, 1211], [1234, 1238], [1259, 1262], [1262, 1265], [1268, 1269], [1268, 1272], [1298, 1301], [1301, 1304], [1309, 1313], [1317, 1322], [1325, 1327], [1333, 1334], [1333, 1338], [1338, 1325], [1360, 1363], [1363, 1366], [1371, 1372], [1371, 1375], [1391, 1394], [1394, 1397], [1400, 1401], [1400, 1405]], "missing_branches": [[587, 594], [630, 631], [655, 656], [689, 694], [717, 719], [761, 759], [771, 772], [771, 773], [773, 774], [773, 776], [784, 785], [784, 787], [870, 871], [873, 874], [894, 895], [896, 897], [905, 906], [935, 936], [935, 938], [938, 939], [938, 942], [966, 967], [970, 971], [973, 974], [983, 985], [985, 986], [985, 987], [987, 988], [987, 990], [1019, 1020], [1043, 1044], [1070, 1071], [1073, 1074], [1102, 1103], [1134, 1135], [1137, 1138], [1145, 1146], [1152, 1153], [1154, 1158], [1162, 1163], [1164, 1165], [1204, 1205], [1207, 1208], [1234, 1235], [1259, 1260], [1262, 1263], [1298, 1299], [1301, 1302], [1309, 1310], [1317, 1319], [1325, 1342], [1338, 1339], [1360, 1361], [1363, 1364], [1391, 1392], [1394, 1395]]}, "": {"executed_lines": [2, 106, 107, 108, 109, 110, 113, 167, 168, 169, 170, 171, 172, 173, 174, 175, 176, 177, 180, 181, 182, 183, 184, 185, 186, 187, 188, 190, 191, 195, 196, 201, 202, 206, 207, 211, 212, 216, 217, 230, 234, 242, 283, 327, 359, 360, 411, 412, 466, 467, 512, 513, 515, 522, 569, 598, 643, 683, 696, 731, 739, 756, 767, 781, 804, 851, 922, 949, 1009, 1033, 1058, 1091, 1123, 1193, 1223, 1247, 1284, 1348, 1377, 1408, 1410, 1411, 1412, 1413, 1416, 1418, 1419, 1422, 1425, 1426, 1427, 1428, 1430, 1431, 1433, 1436, 1438, 1439, 1440, 1442, 1443, 1444, 1445, 1446, 1447, 1448, 1450, 1451, 1453, 1454, 1455, 1456, 1457, 1459, 1463, 1466, 1468, 1470, 1472, 1473, 1474, 1475, 1477, 1479, 1480, 1481, 1482, 1493, 1580, 1609, 1641, 1670, 1699, 1770, 1780, 1787, 1800, 1816, 1831, 1832, 1833, 1834, 1836, 1838, 1839, 1840, 1843, 1846, 1860, 1861, 1864, 1865, 1867, 1870, 1884, 1887, 1888, 1890, 1893, 1907, 1908, 1910, 1911, 1912, 1914, 1917, 1933, 1934, 1936, 1937, 1940, 1941, 1947, 1950, 1951, 1952, 1955, 1960, 1976, 1979, 1986, 1987, 1988, 1991, 1993, 2004, 2010, 2011, 2012, 2015, 2017, 2021, 2050, 2082, 2094, 2097, 2099, 2101, 2102, 2105, 2106, 2107, 2109, 2113, 2125, 2128, 2131, 2132, 2133, 2136, 2138, 2142, 2164, 2165, 2166, 2167, 2170, 2173, 2176, 2178, 2182, 2211, 2214, 2215, 2216, 2217, 2218, 2219, 2222, 2223, 2224, 2225, 2228, 2229, 2230, 2231, 2235, 2237, 2239, 2241, 2246, 2247, 2248, 2251, 2254, 2256, 2260, 2284, 2285, 2288, 2292, 2295], "summary": {"covered_lines": 248, "num_statements": 405, "percent_covered": 55.7504873294347, "percent_covered_display": "55.75", "missing_lines": 157, "excluded_lines": 0, "num_branches": 108, "num_partial_branches": 2, "covered_branches": 38, "missing_branches": 70}, "missing_lines": [1508, 1511, 1512, 1513, 1514, 1515, 1517, 1518, 1519, 1520, 1521, 1522, 1523, 1524, 1525, 1526, 1528, 1531, 1534, 1536, 1537, 1538, 1540, 1541, 1542, 1543, 1544, 1546, 1547, 1548, 1549, 1550, 1552, 1553, 1554, 1555, 1558, 1559, 1562, 1563, 1566, 1567, 1570, 1571, 1574, 1575, 1577, 1593, 1595, 1596, 1597, 1598, 1600, 1601, 1602, 1603, 1604, 1606, 1622, 1623, 1625, 1627, 1628, 1629, 1630, 1632, 1633, 1634, 1635, 1636, 1638, 1654, 1656, 1657, 1658, 1659, 1661, 1662, 1663, 1664, 1665, 1667, 1683, 1685, 1686, 1687, 1688, 1690, 1691, 1692, 1693, 1694, 1696, 1713, 1714, 1717, 1719, 1720, 1723, 1724, 1726, 1727, 1730, 1731, 1734, 1735, 1736, 1739, 1740, 1741, 1743, 1744, 1747, 1748, 1749, 1750, 1751, 1752, 1755, 1756, 1757, 1759, 1760, 1761, 1763, 1797, 1810, 1811, 1813, 1942, 1943, 1945, 1994, 1996, 1997, 1999, 2001, 2035, 2036, 2040, 2041, 2043, 2044, 2045, 2047, 2061, 2062, 2064, 2066, 2067, 2068, 2071, 2072, 2073, 2075, 2077, 2079], "excluded_lines": [], "contexts": {"2284": [""], "2211": [""], "2164": [""], "2125": [""], "2094": [""], "1976": [""], "1933": [""], "1907": [""], "1884": [""], "1860": [""], "1832": [""], "1831": [""], "1781": [""], "1479": [""], "1472": [""], "1468": [""], "1443": [""], "1438": [""], "1410": [""], "1391": [""], "1360": [""], "1298": [""], "1259": [""], "1234": [""], "1204": [""], "1134": [""], "1102": [""], "1070": [""], "1043": [""], "1019": [""], "966": [""], "870": [""], "821": [""], "758": [""], "751": [""], "733": [""], "713": [""], "685": [""], "645": [""], "600": [""], "571": [""], "539": [""], "517": [""], "512": [""], "484": [""], "454": [""], "429": [""], "395": [""], "375": [""], "341": [""], "310": [""], "297": [""], "263": [""], "257": [""], "232": [""], "221": [""], "220": [""], "214": [""], "204": [""], "193": [""], "180": [""], "167": [""], "2": [""], "106": [""], "107": [""], "108": [""], "109": [""], "110": [""], "113": [""], "114": [""], "115": [""], "116": [""], "117": [""], "118": [""], "119": [""], "120": [""], "121": [""], "122": [""], "123": [""], "124": [""], "125": [""], "126": [""], "127": [""], "128": [""], "129": [""], "130": [""], "131": [""], "132": [""], "133": [""], "134": [""], "135": [""], "136": [""], "137": [""], "138": [""], "139": [""], "140": [""], "141": [""], "142": [""], "143": [""], "144": [""], "145": [""], "146": [""], "147": [""], "148": [""], "149": [""], "150": [""], "151": [""], "152": [""], "153": [""], "154": [""], "155": [""], "156": [""], "157": [""], "158": [""], "159": [""], "160": [""], "162": [""], "163": [""], "168": [""], "169": [""], "170": [""], "171": [""], "172": [""], "173": [""], "174": [""], "175": [""], "176": [""], "177": [""], "181": [""], "182": [""], "183": [""], "184": [""], "185": [""], "186": [""], "187": [""], "188": [""], "190": [""], "191": [""], "195": [""], "196": [""], "201": [""], "202": [""], "206": [""], "207": [""], "211": [""], "212": [""], "216": [""], "217": [""], "230": [""], "224": [""], "222": [""], "225": [""], "226": [""], "228": [""], "234": [""], "242": [""], "283": [""], "261": [""], "270": [""], "264": [""], "265": [""], "266": [""], "268": [""], "271": [""], "272": [""], "276": [""], "277": [""], "278": [""], "281": [""], "327": [""], "300": [""], "303": [""], "304": [""], "305": [""], "308": [""], "316": [""], "311": [""], "312": [""], "314": [""], "317": [""], "318": [""], "321": [""], "322": [""], "323": [""], "325": [""], "359": [""], "344": [""], "347": [""], "348": [""], "350": [""], "357": [""], "351": [""], "354": [""], "355": [""], "360": [""], "411": [""], "376": [""], "377": [""], "379": [""], "383": [""], "384": [""], "385": [""], "388": [""], "389": [""], "390": [""], "393": [""], "400": [""], "396": [""], "398": [""], "401": [""], "402": [""], "405": [""], "406": [""], "407": [""], "409": [""], "412": [""], "466": [""], "432": [""], "436": [""], "441": [""], "444": [""], "447": [""], "448": [""], "449": [""], "452": [""], "460": [""], "455": [""], "456": [""], "458": [""], "461": [""], "462": [""], "464": [""], "467": [""], "487": [""], "490": [""], "494": [""], "499": [""], "502": [""], "504": [""], "506": [""], "507": [""], "509": [""], "513": [""], "1408": [""], "515": [""], "522": [""], "518": [""], "519": [""], "520": [""], "569": [""], "540": [""], "542": [""], "545": [""], "546": [""], "548": [""], "549": [""], "556": [""], "550": [""], "554": [""], "551": [""], "552": [""], "557": [""], "561": [""], "560": [""], "567": [""], "562": [""], "563": [""], "564": [""], "598": [""], "572": [""], "573": [""], "575": [""], "577": [""], "579": [""], "581": [""], "583": [""], "587": [""], "584": [""], "585": [""], "586": [""], "596": [""], "589": [""], "590": [""], "591": [""], "592": [""], "643": [""], "601": [""], "602": [""], "604": [""], "605": [""], "607": [""], "608": [""], "610": [""], "611": [""], "613": [""], "615": [""], "616": [""], "617": [""], "627": [""], "618": [""], "620": [""], "623": [""], "624": [""], "628": [""], "629": [""], "636": [""], "630": [""], "633": [""], "634": [""], "637": [""], "638": [""], "683": [""], "646": [""], "647": [""], "649": [""], "650": [""], "652": [""], "653": [""], "655": [""], "658": [""], "660": [""], "661": [""], "662": [""], "665": [""], "666": [""], "667": [""], "675": [""], "668": [""], "669": [""], "671": [""], "672": [""], "677": [""], "678": [""], "696": [""], "686": [""], "688": [""], "694": [""], "689": [""], "690": [""], "691": [""], "692": [""], "731": [""], "714": [""], "717": [""], "721": [""], "724": [""], "725": [""], "728": [""], "729": [""], "740": [""], "734": [""], "736": [""], "737": [""], "739": [""], "756": [""], "752": [""], "753": [""], "754": [""], "768": [""], "759": [""], "760": [""], "765": [""], "761": [""], "763": [""], "764": [""], "767": [""], "769": [""], "781": [""], "804": [""], "851": [""], "822": [""], "824": [""], "825": [""], "828": [""], "829": [""], "830": [""], "831": [""], "834": [""], "835": [""], "838": [""], "839": [""], "840": [""], "843": [""], "846": [""], "847": [""], "849": [""], "922": [""], "873": [""], "877": [""], "878": [""], "879": [""], "880": [""], "883": [""], "884": [""], "887": [""], "888": [""], "891": [""], "894": [""], "896": [""], "900": [""], "903": [""], "904": [""], "905": [""], "908": [""], "911": [""], "914": [""], "917": [""], "918": [""], "920": [""], "949": [""], "1009": [""], "969": [""], "970": [""], "973": [""], "977": [""], "978": [""], "979": [""], "980": [""], "983": [""], "984": [""], "993": [""], "996": [""], "997": [""], "1003": [""], "998": [""], "999": [""], "1001": [""], "1000": [""], "1004": [""], "1005": [""], "1033": [""], "1023": [""], "1026": [""], "1028": [""], "1029": [""], "1031": [""], "1058": [""], "1046": [""], "1047": [""], "1050": [""], "1051": [""], "1053": [""], "1054": [""], "1056": [""], "1091": [""], "1073": [""], "1076": [""], "1077": [""], "1079": [""], "1080": [""], "1081": [""], "1083": [""], "1084": [""], "1089": [""], "1085": [""], "1086": [""], "1087": [""], "1123": [""], "1105": [""], "1106": [""], "1107": [""], "1110": [""], "1111": [""], "1113": [""], "1114": [""], "1116": [""], "1117": [""], "1119": [""], "1193": [""], "1137": [""], "1141": [""], "1143": [""], "1145": [""], "1171": [""], "1148": [""], "1149": [""], "1152": [""], "1154": [""], "1155": [""], "1156": [""], "1162": [""], "1164": [""], "1167": [""], "1168": [""], "1176": [""], "1172": [""], "1173": [""], "1177": [""], "1178": [""], "1181": [""], "1182": [""], "1183": [""], "1185": [""], "1186": [""], "1187": [""], "1189": [""], "1190": [""], "1191": [""], "1223": [""], "1207": [""], "1211": [""], "1214": [""], "1215": [""], "1217": [""], "1218": [""], "1219": [""], "1247": [""], "1238": [""], "1239": [""], "1242": [""], "1243": [""], "1245": [""], "1285": [""], "1262": [""], "1265": [""], "1268": [""], "1269": [""], "1272": [""], "1270": [""], "1276": [""], "1273": [""], "1275": [""], "1277": [""], "1278": [""], "1279": [""], "1280": [""], "1281": [""], "1284": [""], "1348": [""], "1301": [""], "1304": [""], "1305": [""], "1308": [""], "1309": [""], "1313": [""], "1314": [""], "1317": [""], "1322": [""], "1325": [""], "1327": [""], "1328": [""], "1330": [""], "1331": [""], "1333": [""], "1334": [""], "1338": [""], "1335": [""], "1378": [""], "1363": [""], "1366": [""], "1367": [""], "1369": [""], "1371": [""], "1372": [""], "1375": [""], "1373": [""], "1377": [""], "1394": [""], "1397": [""], "1398": [""], "1400": [""], "1401": [""], "1405": [""], "1402": [""], "1403": [""], "1436": [""], "1411": [""], "1412": [""], "1413": [""], "1416": [""], "1418": [""], "1419": [""], "1422": [""], "1433": [""], "1425": [""], "1426": [""], "1427": [""], "1431": [""], "1428": [""], "1430": [""], "1463": [""], "1439": [""], "1440": [""], "1442": [""], "1450": [""], "1444": [""], "1445": [""], "1446": [""], "1447": [""], "1448": [""], "1451": [""], "1453": [""], "1459": [""], "1454": [""], "1455": [""], "1456": [""], "1457": [""], "1466": [""], "1470": [""], "1477": [""], "1473": [""], "1474": [""], "1475": [""], "1493": [""], "1480": [""], "1481": [""], "1482": [""], "1580": [""], "1609": [""], "1641": [""], "1670": [""], "1699": [""], "1770": [""], "1787": [""], "1780": [""], "1782": [""], "1783": [""], "1800": [""], "1816": [""], "1846": [""], "1838": [""], "1833": [""], "1834": [""], "1836": [""], "1839": [""], "1840": [""], "1843": [""], "1871": [""], "1861": [""], "1864": [""], "1865": [""], "1867": [""], "1870": [""], "1893": [""], "1887": [""], "1888": [""], "1890": [""], "1918": [""], "1908": [""], "1910": [""], "1911": [""], "1912": [""], "1914": [""], "1917": [""], "1960": [""], "1934": [""], "1936": [""], "1937": [""], "1940": [""], "1941": [""], "1947": [""], "1950": [""], "1951": [""], "1952": [""], "1955": [""], "1956": [""], "1957": [""], "2021": [""], "1980": [""], "1979": [""], "1986": [""], "1981": [""], "1982": [""], "1987": [""], "1988": [""], "1991": [""], "1993": [""], "2005": [""], "2004": [""], "2010": [""], "2006": [""], "2007": [""], "2011": [""], "2012": [""], "2015": [""], "2017": [""], "2018": [""], "2050": [""], "2082": [""], "2113": [""], "2097": [""], "2099": [""], "2101": [""], "2105": [""], "2102": [""], "2109": [""], "2106": [""], "2107": [""], "2110": [""], "2142": [""], "2128": [""], "2131": [""], "2132": [""], "2133": [""], "2136": [""], "2138": [""], "2139": [""], "2182": [""], "2165": [""], "2166": [""], "2167": [""], "2170": [""], "2173": [""], "2176": [""], "2178": [""], "2179": [""], "2260": [""], "2214": [""], "2215": [""], "2216": [""], "2217": [""], "2218": [""], "2219": [""], "2222": [""], "2223": [""], "2224": [""], "2228": [""], "2225": [""], "2229": [""], "2230": [""], "2231": [""], "2235": [""], "2236": [""], "2237": [""], "2238": [""], "2239": [""], "2240": [""], "2241": [""], "2242": [""], "2246": [""], "2247": [""], "2248": [""], "2251": [""], "2254": [""], "2256": [""], "2257": [""], "2285": [""], "2288": [""], "2292": [""], "2295": [""], "2296": [""]}, "executed_branches": [[1418, 1419], [1418, 1422], [1425, 1426], [1425, 1427], [1427, 1428], [1427, 1430], [1445, -1442], [1445, 1446], [1446, -1442], [1446, 1447], [1447, -1442], [1447, 1448], [1450, 1451], [1450, 1453], [1473, 1474], [1473, 1475], [1480, 1481], [1480, 1482], [1833, 1834], [1833, 1836], [1887, 1888], [1887, 1890], [1941, 1947], [1991, 1993], [2099, 2101], [2099, 2105], [2164, 2165], [2164, 2166], [2166, 2167], [2166, 2170], [2214, 2215], [2214, 2216], [2216, 2217], [2216, 2218], [2218, 2219], [2218, 2222], [2284, 2285], [2284, 2288]], "missing_branches": [[1517, 1518], [1517, 1531], [1519, 1520], [1519, 1521], [1521, 1522], [1521, 1523], [1523, 1524], [1523, 1525], [1525, 1526], [1525, 1528], [1558, 1559], [1558, 1562], [1562, 1563], [1562, 1566], [1566, 1567], [1566, 1570], [1570, 1571], [1570, 1574], [1574, 1575], [1574, 1577], [1595, 1596], [1595, 1606], [1596, 1597], [1596, 1600], [1622, 1623], [1622, 1625], [1627, 1628], [1627, 1638], [1628, 1629], [1628, 1632], [1656, 1657], [1656, 1667], [1657, 1658], [1657, 1661], [1685, 1686], [1685, 1696], [1686, 1687], [1686, 1690], [1713, 1714], [1713, 1717], [1719, 1720], [1719, 1723], [1726, 1727], [1726, 1730], [1734, 1735], [1734, 1739], [1739, 1740], [1739, 1763], [1743, 1744], [1743, 1759], [1747, 1748], [1747, 1755], [1755, 1743], [1755, 1756], [1759, 1739], [1759, 1760], [1941, 1942], [1942, 1943], [1942, 1945], [1991, 1994], [1994, 1996], [1994, 1997], [1997, 1999], [1997, 2001], [2035, 2036], [2035, 2040], [2043, 2044], [2043, 2047], [2064, 2066], [2064, 2079]]}}}}, "totals": {"covered_lines": 643, "num_statements": 888, "percent_covered": 68.43853820598007, "percent_covered_display": "68.44", "missing_lines": 245, "excluded_lines": 0, "num_branches": 316, "num_partial_branches": 53, "covered_branches": 181, "missing_branches": 135}}